2020-02-01 14:50:35.864  INFO 9344 --- [restartedMain] com.health.HealthApplication             : Starting HealthApplication on DESKTOP-GG6D9HR with PID 9344 (C:\Users\domde\OneDrive\Documents\eclipseWorkspaces\Webage_SB\Lab07.1_Queues_External\target\classes started by domde in C:\Users\domde\OneDrive\Documents\eclipseWorkspaces\Webage_SB\Lab07.1_Queues_External)
2020-02-01 14:50:35.881  INFO 9344 --- [restartedMain] com.health.HealthApplication             : The following profiles are active: prod
2020-02-01 14:50:36.000  INFO 9344 --- [restartedMain] o.s.b.devtools.restart.ChangeableUrls    : The Class-Path manifest attribute in C:\Users\domde\.m2\repository\org\glassfish\jaxb\jaxb-runtime\2.3.2\jaxb-runtime-2.3.2.jar referenced one or more files that do not exist: file:/C:/Users/domde/.m2/repository/org/glassfish/jaxb/jaxb-runtime/2.3.2/jakarta.xml.bind-api-2.3.2.jar,file:/C:/Users/domde/.m2/repository/org/glassfish/jaxb/jaxb-runtime/2.3.2/txw2-2.3.2.jar,file:/C:/Users/domde/.m2/repository/org/glassfish/jaxb/jaxb-runtime/2.3.2/istack-commons-runtime-3.0.8.jar,file:/C:/Users/domde/.m2/repository/org/glassfish/jaxb/jaxb-runtime/2.3.2/stax-ex-1.8.1.jar,file:/C:/Users/domde/.m2/repository/org/glassfish/jaxb/jaxb-runtime/2.3.2/FastInfoset-1.2.16.jar,file:/C:/Users/domde/.m2/repository/org/glassfish/jaxb/jaxb-runtime/2.3.2/jakarta.activation-api-1.2.1.jar
2020-02-01 14:50:36.073  INFO 9344 --- [restartedMain] .e.DevToolsPropertyDefaultsPostProcessor : Devtools property defaults active! Set 'spring.devtools.add-properties' to 'false' to disable
2020-02-01 14:50:36.074  INFO 9344 --- [restartedMain] .e.DevToolsPropertyDefaultsPostProcessor : For additional web related logging consider setting the 'logging.level.web' property to 'DEBUG'
2020-02-01 14:50:39.506  INFO 9344 --- [restartedMain] .s.d.r.c.RepositoryConfigurationDelegate : Bootstrapping Spring Data JPA repositories in DEFAULT mode.
2020-02-01 14:50:39.687  INFO 9344 --- [restartedMain] .s.d.r.c.RepositoryConfigurationDelegate : Finished Spring Data repository scanning in 160ms. Found 1 JPA repository interfaces.
2020-02-01 14:50:41.012  INFO 9344 --- [restartedMain] trationDelegate$BeanPostProcessorChecker : Bean 'org.springframework.transaction.annotation.ProxyTransactionManagementConfiguration' of type [org.springframework.transaction.annotation.ProxyTransactionManagementConfiguration] is not eligible for getting processed by all BeanPostProcessors (for example: not eligible for auto-proxying)
2020-02-01 14:50:45.779  INFO 9344 --- [restartedMain] trationDelegate$BeanPostProcessorChecker : Bean 'org.springframework.hateoas.config.HateoasConfiguration' of type [org.springframework.hateoas.config.HateoasConfiguration$$EnhancerBySpringCGLIB$$659aba9a] is not eligible for getting processed by all BeanPostProcessors (for example: not eligible for auto-proxying)
2020-02-01 14:50:45.811  INFO 9344 --- [restartedMain] trationDelegate$BeanPostProcessorChecker : Bean 'relProviderPluginRegistry' of type [org.springframework.plugin.core.support.PluginRegistryFactoryBean] is not eligible for getting processed by all BeanPostProcessors (for example: not eligible for auto-proxying)
2020-02-01 14:50:45.826  INFO 9344 --- [restartedMain] trationDelegate$BeanPostProcessorChecker : Bean 'relProviderPluginRegistry' of type [org.springframework.plugin.core.OrderAwarePluginRegistry] is not eligible for getting processed by all BeanPostProcessors (for example: not eligible for auto-proxying)
2020-02-01 14:50:45.873  INFO 9344 --- [restartedMain] trationDelegate$BeanPostProcessorChecker : Bean '_relProvider' of type [org.springframework.hateoas.server.core.DelegatingLinkRelationProvider] is not eligible for getting processed by all BeanPostProcessors (for example: not eligible for auto-proxying)
2020-02-01 14:50:45.892  INFO 9344 --- [restartedMain] trationDelegate$BeanPostProcessorChecker : Bean 'messageResolver' of type [org.springframework.hateoas.mediatype.MessageSourceResolver] is not eligible for getting processed by all BeanPostProcessors (for example: not eligible for auto-proxying)
2020-02-01 14:50:45.895  INFO 9344 --- [restartedMain] trationDelegate$BeanPostProcessorChecker : Bean 'org.springframework.hateoas.mediatype.hal.HalMediaTypeConfiguration' of type [org.springframework.hateoas.mediatype.hal.HalMediaTypeConfiguration$$EnhancerBySpringCGLIB$$bf8f496f] is not eligible for getting processed by all BeanPostProcessors (for example: not eligible for auto-proxying)
2020-02-01 14:50:45.907  INFO 9344 --- [restartedMain] trationDelegate$BeanPostProcessorChecker : Bean 'org.springframework.boot.autoconfigure.jackson.JacksonAutoConfiguration$JacksonObjectMapperConfiguration' of type [org.springframework.boot.autoconfigure.jackson.JacksonAutoConfiguration$JacksonObjectMapperConfiguration] is not eligible for getting processed by all BeanPostProcessors (for example: not eligible for auto-proxying)
2020-02-01 14:50:45.918  INFO 9344 --- [restartedMain] trationDelegate$BeanPostProcessorChecker : Bean 'org.springframework.boot.autoconfigure.jackson.JacksonAutoConfiguration$JacksonObjectMapperBuilderConfiguration' of type [org.springframework.boot.autoconfigure.jackson.JacksonAutoConfiguration$JacksonObjectMapperBuilderConfiguration] is not eligible for getting processed by all BeanPostProcessors (for example: not eligible for auto-proxying)
2020-02-01 14:50:45.928  INFO 9344 --- [restartedMain] trationDelegate$BeanPostProcessorChecker : Bean 'org.springframework.boot.autoconfigure.jackson.JacksonAutoConfiguration$Jackson2ObjectMapperBuilderCustomizerConfiguration' of type [org.springframework.boot.autoconfigure.jackson.JacksonAutoConfiguration$Jackson2ObjectMapperBuilderCustomizerConfiguration] is not eligible for getting processed by all BeanPostProcessors (for example: not eligible for auto-proxying)
2020-02-01 14:50:45.975  INFO 9344 --- [restartedMain] trationDelegate$BeanPostProcessorChecker : Bean 'spring.jackson-org.springframework.boot.autoconfigure.jackson.JacksonProperties' of type [org.springframework.boot.autoconfigure.jackson.JacksonProperties] is not eligible for getting processed by all BeanPostProcessors (for example: not eligible for auto-proxying)
2020-02-01 14:50:45.978  INFO 9344 --- [restartedMain] trationDelegate$BeanPostProcessorChecker : Bean 'standardJacksonObjectMapperBuilderCustomizer' of type [org.springframework.boot.autoconfigure.jackson.JacksonAutoConfiguration$Jackson2ObjectMapperBuilderCustomizerConfiguration$StandardJackson2ObjectMapperBuilderCustomizer] is not eligible for getting processed by all BeanPostProcessors (for example: not eligible for auto-proxying)
2020-02-01 14:50:45.987  INFO 9344 --- [restartedMain] trationDelegate$BeanPostProcessorChecker : Bean 'org.springframework.boot.autoconfigure.jackson.JacksonAutoConfiguration$ParameterNamesModuleConfiguration' of type [org.springframework.boot.autoconfigure.jackson.JacksonAutoConfiguration$ParameterNamesModuleConfiguration] is not eligible for getting processed by all BeanPostProcessors (for example: not eligible for auto-proxying)
2020-02-01 14:50:46.010  INFO 9344 --- [restartedMain] trationDelegate$BeanPostProcessorChecker : Bean 'parameterNamesModule' of type [com.fasterxml.jackson.module.paramnames.ParameterNamesModule] is not eligible for getting processed by all BeanPostProcessors (for example: not eligible for auto-proxying)
2020-02-01 14:50:46.024  INFO 9344 --- [restartedMain] trationDelegate$BeanPostProcessorChecker : Bean 'org.springframework.boot.autoconfigure.jackson.JacksonAutoConfiguration' of type [org.springframework.boot.autoconfigure.jackson.JacksonAutoConfiguration] is not eligible for getting processed by all BeanPostProcessors (for example: not eligible for auto-proxying)
2020-02-01 14:50:46.047  INFO 9344 --- [restartedMain] trationDelegate$BeanPostProcessorChecker : Bean 'jsonComponentModule' of type [org.springframework.boot.jackson.JsonComponentModule] is not eligible for getting processed by all BeanPostProcessors (for example: not eligible for auto-proxying)
2020-02-01 14:50:46.053  INFO 9344 --- [restartedMain] trationDelegate$BeanPostProcessorChecker : Bean 'org.springframework.data.web.config.SpringDataJacksonConfiguration' of type [org.springframework.data.web.config.SpringDataJacksonConfiguration] is not eligible for getting processed by all BeanPostProcessors (for example: not eligible for auto-proxying)
2020-02-01 14:50:46.071  INFO 9344 --- [restartedMain] trationDelegate$BeanPostProcessorChecker : Bean 'jacksonGeoModule' of type [org.springframework.data.geo.GeoModule] is not eligible for getting processed by all BeanPostProcessors (for example: not eligible for auto-proxying)
2020-02-01 14:50:46.081  INFO 9344 --- [restartedMain] trationDelegate$BeanPostProcessorChecker : Bean 'jacksonObjectMapperBuilder' of type [org.springframework.http.converter.json.Jackson2ObjectMapperBuilder] is not eligible for getting processed by all BeanPostProcessors (for example: not eligible for auto-proxying)
2020-02-01 14:50:46.122  INFO 9344 --- [restartedMain] trationDelegate$BeanPostProcessorChecker : Bean 'jacksonObjectMapper' of type [com.fasterxml.jackson.databind.ObjectMapper] is not eligible for getting processed by all BeanPostProcessors (for example: not eligible for auto-proxying)
2020-02-01 14:50:46.284  INFO 9344 --- [restartedMain] trationDelegate$BeanPostProcessorChecker : Bean 'hypermediaWebMvcConverters' of type [org.springframework.hateoas.config.WebConverters] is not eligible for getting processed by all BeanPostProcessors (for example: not eligible for auto-proxying)
2020-02-01 14:50:47.251  INFO 9344 --- [restartedMain] o.s.b.w.embedded.tomcat.TomcatWebServer  : Tomcat initialized with port(s): 8082 (http)
2020-02-01 14:50:47.279  INFO 9344 --- [restartedMain] o.apache.catalina.core.StandardService   : Starting service [Tomcat]
2020-02-01 14:50:47.279  INFO 9344 --- [restartedMain] org.apache.catalina.core.StandardEngine  : Starting Servlet engine: [Apache Tomcat/9.0.29]
2020-02-01 14:50:47.629  INFO 9344 --- [restartedMain] o.a.c.c.C.[.[localhost].[/insure]        : Initializing Spring embedded WebApplicationContext
2020-02-01 14:50:47.631  INFO 9344 --- [restartedMain] o.s.web.context.ContextLoader            : Root WebApplicationContext: initialization completed in 11556 ms
2020-02-01 14:50:48.854  INFO 9344 --- [restartedMain] com.zaxxer.hikari.HikariDataSource       : HikariPool-1 - Starting...
2020-02-01 14:50:49.665  INFO 9344 --- [restartedMain] com.zaxxer.hikari.HikariDataSource       : HikariPool-1 - Start completed.
2020-02-01 14:50:49.897  INFO 9344 --- [restartedMain] o.s.b.a.h2.H2ConsoleAutoConfiguration    : H2 console available at '/h2-console'. Database available at 'jdbc:h2:mem:testdb'
2020-02-01 14:50:51.025  INFO 9344 --- [restartedMain] o.s.b.a.e.web.ServletEndpointRegistrar   : Registered '/actuator/jolokia' to jolokia-actuator-endpoint
2020-02-01 14:50:51.176  INFO 9344 --- [restartedMain] o.s.b.d.a.OptionalLiveReloadServer       : LiveReload server is running on port 35729
2020-02-01 14:50:51.648  INFO 9344 --- [restartedMain] o.hibernate.jpa.internal.util.LogHelper  : HHH000204: Processing PersistenceUnitInfo [name: default]
2020-02-01 14:50:51.890  INFO 9344 --- [restartedMain] org.hibernate.Version                    : HHH000412: Hibernate Core {5.4.9.Final}
2020-02-01 14:50:52.176  INFO 9344 --- [restartedMain] o.hibernate.annotations.common.Version   : HCANN000001: Hibernate Commons Annotations {5.1.0.Final}
2020-02-01 14:50:52.483  INFO 9344 --- [restartedMain] org.hibernate.dialect.Dialect            : HHH000400: Using dialect: org.hibernate.dialect.H2Dialect
2020-02-01 14:50:54.492  INFO 9344 --- [restartedMain] o.h.e.t.j.p.i.JtaPlatformInitiator       : HHH000490: Using JtaPlatform implementation: [org.hibernate.engine.transaction.jta.platform.internal.NoJtaPlatform]
2020-02-01 14:50:54.505  INFO 9344 --- [restartedMain] j.LocalContainerEntityManagerFactoryBean : Initialized JPA EntityManagerFactory for persistence unit 'default'
2020-02-01 14:50:57.052  WARN 9344 --- [restartedMain] JpaBaseConfiguration$JpaWebConfiguration : spring.jpa.open-in-view is enabled by default. Therefore, database queries may be performed during view rendering. Explicitly configure spring.jpa.open-in-view to disable this warning
2020-02-01 14:50:57.484  INFO 9344 --- [restartedMain] o.s.s.concurrent.ThreadPoolTaskExecutor  : Initializing ExecutorService 'applicationTaskExecutor'
2020-02-01 14:50:59.259  INFO 9344 --- [restartedMain] o.s.b.a.e.web.EndpointLinksResolver      : Exposing 15 endpoint(s) beneath base path '/actuator'
2020-02-01 14:51:00.591  INFO 9344 --- [restartedMain] o.s.b.w.embedded.tomcat.TomcatWebServer  : Tomcat started on port(s): 8082 (http) with context path '/insure'
2020-02-01 14:51:00.597  INFO 9344 --- [restartedMain] com.health.HealthApplication             : Started HealthApplication in 27.082 seconds (JVM running for 28.413)
2020-02-01 14:57:49.812  INFO 9344 --- [Thread-7] o.s.s.concurrent.ThreadPoolTaskExecutor  : Shutting down ExecutorService 'applicationTaskExecutor'
2020-02-01 14:57:49.818  INFO 9344 --- [Thread-7] j.LocalContainerEntityManagerFactoryBean : Closing JPA EntityManagerFactory for persistence unit 'default'
2020-02-01 14:57:50.058  WARN 9344 --- [Thread-7] o.s.b.f.support.DisposableBeanAdapter    : Invocation of destroy method failed on bean with name 'inMemoryDatabaseShutdownExecutor': org.h2.jdbc.JdbcSQLNonTransientConnectionException: Database is already closed (to disable automatic closing at VM shutdown, add ";DB_CLOSE_ON_EXIT=FALSE" to the db URL) [90121-200]
2020-02-01 14:57:50.124  INFO 9344 --- [Thread-7] com.zaxxer.hikari.HikariDataSource       : HikariPool-1 - Shutdown initiated...
2020-02-01 14:57:50.131  INFO 9344 --- [Thread-7] com.zaxxer.hikari.HikariDataSource       : HikariPool-1 - Shutdown completed.
2020-02-01 14:57:53.478  INFO 9344 --- [restartedMain] com.health.HealthApplication             : Starting HealthApplication on DESKTOP-GG6D9HR with PID 9344 (C:\Users\domde\OneDrive\Documents\eclipseWorkspaces\Webage_SB\Lab07.1_Queues_External\target\classes started by domde in C:\Users\domde\OneDrive\Documents\eclipseWorkspaces\Webage_SB\Lab07.1_Queues_External)
2020-02-01 14:57:53.479  INFO 9344 --- [restartedMain] com.health.HealthApplication             : The following profiles are active: prod
2020-02-01 14:57:54.569  INFO 9344 --- [restartedMain] .s.d.r.c.RepositoryConfigurationDelegate : Bootstrapping Spring Data JPA repositories in DEFAULT mode.
2020-02-01 14:57:54.601  INFO 9344 --- [restartedMain] .s.d.r.c.RepositoryConfigurationDelegate : Finished Spring Data repository scanning in 31ms. Found 1 JPA repository interfaces.
2020-02-01 14:57:54.806  INFO 9344 --- [restartedMain] trationDelegate$BeanPostProcessorChecker : Bean 'org.springframework.transaction.annotation.ProxyTransactionManagementConfiguration' of type [org.springframework.transaction.annotation.ProxyTransactionManagementConfiguration] is not eligible for getting processed by all BeanPostProcessors (for example: not eligible for auto-proxying)
2020-02-01 14:57:54.845  INFO 9344 --- [restartedMain] trationDelegate$BeanPostProcessorChecker : Bean 'org.springframework.hateoas.config.HateoasConfiguration' of type [org.springframework.hateoas.config.HateoasConfiguration$$EnhancerBySpringCGLIB$$659aba9a] is not eligible for getting processed by all BeanPostProcessors (for example: not eligible for auto-proxying)
2020-02-01 14:57:55.043  INFO 9344 --- [restartedMain] trationDelegate$BeanPostProcessorChecker : Bean 'relProviderPluginRegistry' of type [org.springframework.plugin.core.support.PluginRegistryFactoryBean] is not eligible for getting processed by all BeanPostProcessors (for example: not eligible for auto-proxying)
2020-02-01 14:57:55.053  INFO 9344 --- [restartedMain] trationDelegate$BeanPostProcessorChecker : Bean 'relProviderPluginRegistry' of type [org.springframework.plugin.core.OrderAwarePluginRegistry] is not eligible for getting processed by all BeanPostProcessors (for example: not eligible for auto-proxying)
2020-02-01 14:57:55.055  INFO 9344 --- [restartedMain] trationDelegate$BeanPostProcessorChecker : Bean '_relProvider' of type [org.springframework.hateoas.server.core.DelegatingLinkRelationProvider] is not eligible for getting processed by all BeanPostProcessors (for example: not eligible for auto-proxying)
2020-02-01 14:57:55.058  INFO 9344 --- [restartedMain] trationDelegate$BeanPostProcessorChecker : Bean 'messageResolver' of type [org.springframework.hateoas.mediatype.MessageSourceResolver] is not eligible for getting processed by all BeanPostProcessors (for example: not eligible for auto-proxying)
2020-02-01 14:57:55.061  INFO 9344 --- [restartedMain] trationDelegate$BeanPostProcessorChecker : Bean 'org.springframework.hateoas.mediatype.hal.HalMediaTypeConfiguration' of type [org.springframework.hateoas.mediatype.hal.HalMediaTypeConfiguration$$EnhancerBySpringCGLIB$$bf8f496f] is not eligible for getting processed by all BeanPostProcessors (for example: not eligible for auto-proxying)
2020-02-01 14:57:55.065  INFO 9344 --- [restartedMain] trationDelegate$BeanPostProcessorChecker : Bean 'org.springframework.boot.autoconfigure.jackson.JacksonAutoConfiguration$JacksonObjectMapperConfiguration' of type [org.springframework.boot.autoconfigure.jackson.JacksonAutoConfiguration$JacksonObjectMapperConfiguration] is not eligible for getting processed by all BeanPostProcessors (for example: not eligible for auto-proxying)
2020-02-01 14:57:55.066  INFO 9344 --- [restartedMain] trationDelegate$BeanPostProcessorChecker : Bean 'org.springframework.boot.autoconfigure.jackson.JacksonAutoConfiguration$JacksonObjectMapperBuilderConfiguration' of type [org.springframework.boot.autoconfigure.jackson.JacksonAutoConfiguration$JacksonObjectMapperBuilderConfiguration] is not eligible for getting processed by all BeanPostProcessors (for example: not eligible for auto-proxying)
2020-02-01 14:57:55.072  INFO 9344 --- [restartedMain] trationDelegate$BeanPostProcessorChecker : Bean 'org.springframework.boot.autoconfigure.jackson.JacksonAutoConfiguration$Jackson2ObjectMapperBuilderCustomizerConfiguration' of type [org.springframework.boot.autoconfigure.jackson.JacksonAutoConfiguration$Jackson2ObjectMapperBuilderCustomizerConfiguration] is not eligible for getting processed by all BeanPostProcessors (for example: not eligible for auto-proxying)
2020-02-01 14:57:55.081  INFO 9344 --- [restartedMain] trationDelegate$BeanPostProcessorChecker : Bean 'spring.jackson-org.springframework.boot.autoconfigure.jackson.JacksonProperties' of type [org.springframework.boot.autoconfigure.jackson.JacksonProperties] is not eligible for getting processed by all BeanPostProcessors (for example: not eligible for auto-proxying)
2020-02-01 14:57:55.081  INFO 9344 --- [restartedMain] trationDelegate$BeanPostProcessorChecker : Bean 'standardJacksonObjectMapperBuilderCustomizer' of type [org.springframework.boot.autoconfigure.jackson.JacksonAutoConfiguration$Jackson2ObjectMapperBuilderCustomizerConfiguration$StandardJackson2ObjectMapperBuilderCustomizer] is not eligible for getting processed by all BeanPostProcessors (for example: not eligible for auto-proxying)
2020-02-01 14:57:55.084  INFO 9344 --- [restartedMain] trationDelegate$BeanPostProcessorChecker : Bean 'org.springframework.boot.autoconfigure.jackson.JacksonAutoConfiguration$ParameterNamesModuleConfiguration' of type [org.springframework.boot.autoconfigure.jackson.JacksonAutoConfiguration$ParameterNamesModuleConfiguration] is not eligible for getting processed by all BeanPostProcessors (for example: not eligible for auto-proxying)
2020-02-01 14:57:55.085  INFO 9344 --- [restartedMain] trationDelegate$BeanPostProcessorChecker : Bean 'parameterNamesModule' of type [com.fasterxml.jackson.module.paramnames.ParameterNamesModule] is not eligible for getting processed by all BeanPostProcessors (for example: not eligible for auto-proxying)
2020-02-01 14:57:55.434  INFO 9344 --- [restartedMain] trationDelegate$BeanPostProcessorChecker : Bean 'org.springframework.boot.autoconfigure.jackson.JacksonAutoConfiguration' of type [org.springframework.boot.autoconfigure.jackson.JacksonAutoConfiguration] is not eligible for getting processed by all BeanPostProcessors (for example: not eligible for auto-proxying)
2020-02-01 14:57:55.444  INFO 9344 --- [restartedMain] trationDelegate$BeanPostProcessorChecker : Bean 'jsonComponentModule' of type [org.springframework.boot.jackson.JsonComponentModule] is not eligible for getting processed by all BeanPostProcessors (for example: not eligible for auto-proxying)
2020-02-01 14:57:55.448  INFO 9344 --- [restartedMain] trationDelegate$BeanPostProcessorChecker : Bean 'org.springframework.data.web.config.SpringDataJacksonConfiguration' of type [org.springframework.data.web.config.SpringDataJacksonConfiguration] is not eligible for getting processed by all BeanPostProcessors (for example: not eligible for auto-proxying)
2020-02-01 14:57:55.450  INFO 9344 --- [restartedMain] trationDelegate$BeanPostProcessorChecker : Bean 'jacksonGeoModule' of type [org.springframework.data.geo.GeoModule] is not eligible for getting processed by all BeanPostProcessors (for example: not eligible for auto-proxying)
2020-02-01 14:57:55.457  INFO 9344 --- [restartedMain] trationDelegate$BeanPostProcessorChecker : Bean 'jacksonObjectMapperBuilder' of type [org.springframework.http.converter.json.Jackson2ObjectMapperBuilder] is not eligible for getting processed by all BeanPostProcessors (for example: not eligible for auto-proxying)
2020-02-01 14:57:55.470  INFO 9344 --- [restartedMain] trationDelegate$BeanPostProcessorChecker : Bean 'jacksonObjectMapper' of type [com.fasterxml.jackson.databind.ObjectMapper] is not eligible for getting processed by all BeanPostProcessors (for example: not eligible for auto-proxying)
2020-02-01 14:57:55.511  INFO 9344 --- [restartedMain] trationDelegate$BeanPostProcessorChecker : Bean 'hypermediaWebMvcConverters' of type [org.springframework.hateoas.config.WebConverters] is not eligible for getting processed by all BeanPostProcessors (for example: not eligible for auto-proxying)
2020-02-01 14:57:56.742  WARN 9344 --- [restartedMain] org.apache.tomcat.util.modeler.Registry  : The MBean registry cannot be disabled because it has already been initialised
2020-02-01 14:57:57.621  INFO 9344 --- [restartedMain] o.s.b.w.embedded.tomcat.TomcatWebServer  : Tomcat initialized with port(s): 8082 (http)
2020-02-01 14:57:57.624  INFO 9344 --- [restartedMain] o.apache.catalina.core.StandardService   : Starting service [Tomcat]
2020-02-01 14:57:57.625  INFO 9344 --- [restartedMain] org.apache.catalina.core.StandardEngine  : Starting Servlet engine: [Apache Tomcat/9.0.29]
2020-02-01 14:57:59.314  INFO 9344 --- [restartedMain] o.a.c.c.C.[.[localhost].[/insure]        : Initializing Spring embedded WebApplicationContext
2020-02-01 14:57:59.314  INFO 9344 --- [restartedMain] o.s.web.context.ContextLoader            : Root WebApplicationContext: initialization completed in 5830 ms
2020-02-01 14:57:59.527  INFO 9344 --- [restartedMain] com.zaxxer.hikari.HikariDataSource       : HikariPool-2 - Starting...
2020-02-01 14:57:59.533  INFO 9344 --- [restartedMain] com.zaxxer.hikari.HikariDataSource       : HikariPool-2 - Start completed.
2020-02-01 14:57:59.550  INFO 9344 --- [restartedMain] o.s.b.a.h2.H2ConsoleAutoConfiguration    : H2 console available at '/h2-console'. Database available at 'jdbc:h2:mem:testdb'
2020-02-01 14:57:59.731  INFO 9344 --- [restartedMain] o.s.b.a.e.web.ServletEndpointRegistrar   : Registered '/actuator/jolokia' to jolokia-actuator-endpoint
2020-02-01 14:57:59.740  INFO 9344 --- [restartedMain] o.s.b.d.a.OptionalLiveReloadServer       : LiveReload server is running on port 35729
2020-02-01 14:57:59.776  INFO 9344 --- [restartedMain] o.hibernate.jpa.internal.util.LogHelper  : HHH000204: Processing PersistenceUnitInfo [name: default]
2020-02-01 14:57:59.793  INFO 9344 --- [restartedMain] org.hibernate.dialect.Dialect            : HHH000400: Using dialect: org.hibernate.dialect.H2Dialect
2020-02-01 14:57:59.901  INFO 9344 --- [restartedMain] o.h.e.t.j.p.i.JtaPlatformInitiator       : HHH000490: Using JtaPlatform implementation: [org.hibernate.engine.transaction.jta.platform.internal.NoJtaPlatform]
2020-02-01 14:57:59.902  INFO 9344 --- [restartedMain] j.LocalContainerEntityManagerFactoryBean : Initialized JPA EntityManagerFactory for persistence unit 'default'
2020-02-01 14:58:00.462  WARN 9344 --- [restartedMain] JpaBaseConfiguration$JpaWebConfiguration : spring.jpa.open-in-view is enabled by default. Therefore, database queries may be performed during view rendering. Explicitly configure spring.jpa.open-in-view to disable this warning
2020-02-01 14:58:00.655  INFO 9344 --- [restartedMain] o.s.s.concurrent.ThreadPoolTaskExecutor  : Initializing ExecutorService 'applicationTaskExecutor'
2020-02-01 14:58:01.551  INFO 9344 --- [restartedMain] o.s.b.a.e.web.EndpointLinksResolver      : Exposing 15 endpoint(s) beneath base path '/actuator'
2020-02-01 14:58:02.505  INFO 9344 --- [restartedMain] o.s.b.w.embedded.tomcat.TomcatWebServer  : Tomcat started on port(s): 8082 (http) with context path '/insure'
2020-02-01 14:58:02.611  INFO 9344 --- [restartedMain] com.health.HealthApplication             : Started HealthApplication in 9.619 seconds (JVM running for 450.427)
2020-02-01 14:58:02.632  INFO 9344 --- [restartedMain] .ConditionEvaluationDeltaLoggingListener : Condition evaluation unchanged
2020-02-01 14:58:05.041  INFO 9344 --- [http-nio-8082-exec-10] o.a.c.c.C.[.[localhost].[/insure]        : Initializing Spring DispatcherServlet 'dispatcherServlet'
2020-02-01 14:58:05.043  INFO 9344 --- [http-nio-8082-exec-10] o.s.web.servlet.DispatcherServlet        : Initializing Servlet 'dispatcherServlet'
2020-02-01 14:58:05.150  INFO 9344 --- [http-nio-8082-exec-10] o.s.web.servlet.DispatcherServlet        : Completed initialization in 107 ms
2020-02-01 14:58:05.352  INFO 9344 --- [http-nio-8082-exec-10] HealthPlanController                     : Received message
2020-02-01 14:58:05.472  INFO 9344 --- [DefaultMessageListenerContainer-1] MessageConsumer                          : Received Message for Plan HealthPlan [id=0, zip=77777, name=HMO, deductableIndividual=2500, deductableFamily=3000, outOfPocketIndividual=5000, outOfPocketFamily=5500, copay=30.0]
2020-02-01 14:58:05.581  INFO 9344 --- [http-nio-8082-exec-10] HealthPlanController                     : Sent message
2020-02-01 14:58:05.585  INFO 9344 --- [DefaultMessageListenerContainer-1] MessageConsumer                          : Repository updated with Plan 22
2020-02-01 15:01:40.478  INFO 9344 --- [http-nio-8082-exec-8] HealthPlanController                     : Received message
2020-02-01 15:01:40.490  INFO 9344 --- [DefaultMessageListenerContainer-1] MessageConsumer                          : Received Message for Plan HealthPlan [id=0, zip=77777, name=HMO, deductableIndividual=2500, deductableFamily=3000, outOfPocketIndividual=5000, outOfPocketFamily=5500, copay=30.0]
2020-02-01 15:01:40.497  INFO 9344 --- [DefaultMessageListenerContainer-1] MessageConsumer                          : Repository updated with Plan 23
2020-02-01 15:01:40.590  INFO 9344 --- [http-nio-8082-exec-8] HealthPlanController                     : Sent message
2020-02-01 15:14:39.026  INFO 12164 --- [restartedMain] com.health.HealthApplication             : Starting HealthApplication on DESKTOP-GG6D9HR with PID 12164 (C:\Users\domde\OneDrive\Documents\eclipseWorkspaces\Webage_SB\Lab07.1_Queues_External\target\classes started by domde in C:\Users\domde\OneDrive\Documents\eclipseWorkspaces\Webage_SB\Lab07.1_Queues_External)
2020-02-01 15:14:39.031  INFO 12164 --- [restartedMain] com.health.HealthApplication             : The following profiles are active: prod
2020-02-01 15:14:39.136  INFO 12164 --- [restartedMain] o.s.b.devtools.restart.ChangeableUrls    : The Class-Path manifest attribute in C:\Users\domde\.m2\repository\org\glassfish\jaxb\jaxb-runtime\2.3.2\jaxb-runtime-2.3.2.jar referenced one or more files that do not exist: file:/C:/Users/domde/.m2/repository/org/glassfish/jaxb/jaxb-runtime/2.3.2/jakarta.xml.bind-api-2.3.2.jar,file:/C:/Users/domde/.m2/repository/org/glassfish/jaxb/jaxb-runtime/2.3.2/txw2-2.3.2.jar,file:/C:/Users/domde/.m2/repository/org/glassfish/jaxb/jaxb-runtime/2.3.2/istack-commons-runtime-3.0.8.jar,file:/C:/Users/domde/.m2/repository/org/glassfish/jaxb/jaxb-runtime/2.3.2/stax-ex-1.8.1.jar,file:/C:/Users/domde/.m2/repository/org/glassfish/jaxb/jaxb-runtime/2.3.2/FastInfoset-1.2.16.jar,file:/C:/Users/domde/.m2/repository/org/glassfish/jaxb/jaxb-runtime/2.3.2/jakarta.activation-api-1.2.1.jar
2020-02-01 15:14:39.136  INFO 12164 --- [restartedMain] .e.DevToolsPropertyDefaultsPostProcessor : Devtools property defaults active! Set 'spring.devtools.add-properties' to 'false' to disable
2020-02-01 15:14:39.137  INFO 12164 --- [restartedMain] .e.DevToolsPropertyDefaultsPostProcessor : For additional web related logging consider setting the 'logging.level.web' property to 'DEBUG'
2020-02-01 15:14:41.528  INFO 12164 --- [restartedMain] .s.d.r.c.RepositoryConfigurationDelegate : Bootstrapping Spring Data JPA repositories in DEFAULT mode.
2020-02-01 15:14:41.670  INFO 12164 --- [restartedMain] .s.d.r.c.RepositoryConfigurationDelegate : Finished Spring Data repository scanning in 124ms. Found 1 JPA repository interfaces.
2020-02-01 15:14:42.605  INFO 12164 --- [restartedMain] trationDelegate$BeanPostProcessorChecker : Bean 'org.springframework.transaction.annotation.ProxyTransactionManagementConfiguration' of type [org.springframework.transaction.annotation.ProxyTransactionManagementConfiguration] is not eligible for getting processed by all BeanPostProcessors (for example: not eligible for auto-proxying)
2020-02-01 15:14:42.744  INFO 12164 --- [restartedMain] trationDelegate$BeanPostProcessorChecker : Bean 'org.springframework.hateoas.config.HateoasConfiguration' of type [org.springframework.hateoas.config.HateoasConfiguration$$EnhancerBySpringCGLIB$$ec20baf4] is not eligible for getting processed by all BeanPostProcessors (for example: not eligible for auto-proxying)
2020-02-01 15:14:42.772  INFO 12164 --- [restartedMain] trationDelegate$BeanPostProcessorChecker : Bean 'relProviderPluginRegistry' of type [org.springframework.plugin.core.support.PluginRegistryFactoryBean] is not eligible for getting processed by all BeanPostProcessors (for example: not eligible for auto-proxying)
2020-02-01 15:14:42.783  INFO 12164 --- [restartedMain] trationDelegate$BeanPostProcessorChecker : Bean 'relProviderPluginRegistry' of type [org.springframework.plugin.core.OrderAwarePluginRegistry] is not eligible for getting processed by all BeanPostProcessors (for example: not eligible for auto-proxying)
2020-02-01 15:14:42.800  INFO 12164 --- [restartedMain] trationDelegate$BeanPostProcessorChecker : Bean '_relProvider' of type [org.springframework.hateoas.server.core.DelegatingLinkRelationProvider] is not eligible for getting processed by all BeanPostProcessors (for example: not eligible for auto-proxying)
2020-02-01 15:14:42.816  INFO 12164 --- [restartedMain] trationDelegate$BeanPostProcessorChecker : Bean 'messageResolver' of type [org.springframework.hateoas.mediatype.MessageSourceResolver] is not eligible for getting processed by all BeanPostProcessors (for example: not eligible for auto-proxying)
2020-02-01 15:14:42.823  INFO 12164 --- [restartedMain] trationDelegate$BeanPostProcessorChecker : Bean 'org.springframework.hateoas.mediatype.hal.HalMediaTypeConfiguration' of type [org.springframework.hateoas.mediatype.hal.HalMediaTypeConfiguration$$EnhancerBySpringCGLIB$$461549c9] is not eligible for getting processed by all BeanPostProcessors (for example: not eligible for auto-proxying)
2020-02-01 15:14:42.839  INFO 12164 --- [restartedMain] trationDelegate$BeanPostProcessorChecker : Bean 'org.springframework.boot.autoconfigure.jackson.JacksonAutoConfiguration$JacksonObjectMapperConfiguration' of type [org.springframework.boot.autoconfigure.jackson.JacksonAutoConfiguration$JacksonObjectMapperConfiguration] is not eligible for getting processed by all BeanPostProcessors (for example: not eligible for auto-proxying)
2020-02-01 15:14:42.845  INFO 12164 --- [restartedMain] trationDelegate$BeanPostProcessorChecker : Bean 'org.springframework.boot.autoconfigure.jackson.JacksonAutoConfiguration$JacksonObjectMapperBuilderConfiguration' of type [org.springframework.boot.autoconfigure.jackson.JacksonAutoConfiguration$JacksonObjectMapperBuilderConfiguration] is not eligible for getting processed by all BeanPostProcessors (for example: not eligible for auto-proxying)
2020-02-01 15:14:42.852  INFO 12164 --- [restartedMain] trationDelegate$BeanPostProcessorChecker : Bean 'org.springframework.boot.autoconfigure.jackson.JacksonAutoConfiguration$Jackson2ObjectMapperBuilderCustomizerConfiguration' of type [org.springframework.boot.autoconfigure.jackson.JacksonAutoConfiguration$Jackson2ObjectMapperBuilderCustomizerConfiguration] is not eligible for getting processed by all BeanPostProcessors (for example: not eligible for auto-proxying)
2020-02-01 15:14:42.913  INFO 12164 --- [restartedMain] trationDelegate$BeanPostProcessorChecker : Bean 'spring.jackson-org.springframework.boot.autoconfigure.jackson.JacksonProperties' of type [org.springframework.boot.autoconfigure.jackson.JacksonProperties] is not eligible for getting processed by all BeanPostProcessors (for example: not eligible for auto-proxying)
2020-02-01 15:14:42.915  INFO 12164 --- [restartedMain] trationDelegate$BeanPostProcessorChecker : Bean 'standardJacksonObjectMapperBuilderCustomizer' of type [org.springframework.boot.autoconfigure.jackson.JacksonAutoConfiguration$Jackson2ObjectMapperBuilderCustomizerConfiguration$StandardJackson2ObjectMapperBuilderCustomizer] is not eligible for getting processed by all BeanPostProcessors (for example: not eligible for auto-proxying)
2020-02-01 15:14:42.925  INFO 12164 --- [restartedMain] trationDelegate$BeanPostProcessorChecker : Bean 'org.springframework.boot.autoconfigure.jackson.JacksonAutoConfiguration$ParameterNamesModuleConfiguration' of type [org.springframework.boot.autoconfigure.jackson.JacksonAutoConfiguration$ParameterNamesModuleConfiguration] is not eligible for getting processed by all BeanPostProcessors (for example: not eligible for auto-proxying)
2020-02-01 15:14:42.968  INFO 12164 --- [restartedMain] trationDelegate$BeanPostProcessorChecker : Bean 'parameterNamesModule' of type [com.fasterxml.jackson.module.paramnames.ParameterNamesModule] is not eligible for getting processed by all BeanPostProcessors (for example: not eligible for auto-proxying)
2020-02-01 15:14:42.980  INFO 12164 --- [restartedMain] trationDelegate$BeanPostProcessorChecker : Bean 'org.springframework.boot.autoconfigure.jackson.JacksonAutoConfiguration' of type [org.springframework.boot.autoconfigure.jackson.JacksonAutoConfiguration] is not eligible for getting processed by all BeanPostProcessors (for example: not eligible for auto-proxying)
2020-02-01 15:14:43.032  INFO 12164 --- [restartedMain] trationDelegate$BeanPostProcessorChecker : Bean 'jsonComponentModule' of type [org.springframework.boot.jackson.JsonComponentModule] is not eligible for getting processed by all BeanPostProcessors (for example: not eligible for auto-proxying)
2020-02-01 15:14:43.036  INFO 12164 --- [restartedMain] trationDelegate$BeanPostProcessorChecker : Bean 'org.springframework.data.web.config.SpringDataJacksonConfiguration' of type [org.springframework.data.web.config.SpringDataJacksonConfiguration] is not eligible for getting processed by all BeanPostProcessors (for example: not eligible for auto-proxying)
2020-02-01 15:14:43.044  INFO 12164 --- [restartedMain] trationDelegate$BeanPostProcessorChecker : Bean 'jacksonGeoModule' of type [org.springframework.data.geo.GeoModule] is not eligible for getting processed by all BeanPostProcessors (for example: not eligible for auto-proxying)
2020-02-01 15:14:43.048  INFO 12164 --- [restartedMain] trationDelegate$BeanPostProcessorChecker : Bean 'jacksonObjectMapperBuilder' of type [org.springframework.http.converter.json.Jackson2ObjectMapperBuilder] is not eligible for getting processed by all BeanPostProcessors (for example: not eligible for auto-proxying)
2020-02-01 15:14:43.078  INFO 12164 --- [restartedMain] trationDelegate$BeanPostProcessorChecker : Bean 'jacksonObjectMapper' of type [com.fasterxml.jackson.databind.ObjectMapper] is not eligible for getting processed by all BeanPostProcessors (for example: not eligible for auto-proxying)
2020-02-01 15:14:43.186  INFO 12164 --- [restartedMain] trationDelegate$BeanPostProcessorChecker : Bean 'hypermediaWebMvcConverters' of type [org.springframework.hateoas.config.WebConverters] is not eligible for getting processed by all BeanPostProcessors (for example: not eligible for auto-proxying)
2020-02-01 15:14:44.026  INFO 12164 --- [restartedMain] o.s.b.w.embedded.tomcat.TomcatWebServer  : Tomcat initialized with port(s): 8082 (http)
2020-02-01 15:14:44.054  INFO 12164 --- [restartedMain] o.apache.catalina.core.StandardService   : Starting service [Tomcat]
2020-02-01 15:14:44.056  INFO 12164 --- [restartedMain] org.apache.catalina.core.StandardEngine  : Starting Servlet engine: [Apache Tomcat/9.0.29]
2020-02-01 15:14:44.334  INFO 12164 --- [restartedMain] o.a.c.c.C.[.[localhost].[/insure]        : Initializing Spring embedded WebApplicationContext
2020-02-01 15:14:44.335  INFO 12164 --- [restartedMain] o.s.web.context.ContextLoader            : Root WebApplicationContext: initialization completed in 5198 ms
2020-02-01 15:14:44.955  INFO 12164 --- [restartedMain] com.zaxxer.hikari.HikariDataSource       : HikariPool-1 - Starting...
2020-02-01 15:14:45.448  INFO 12164 --- [restartedMain] com.zaxxer.hikari.HikariDataSource       : HikariPool-1 - Start completed.
2020-02-01 15:14:45.541  INFO 12164 --- [restartedMain] o.s.b.a.h2.H2ConsoleAutoConfiguration    : H2 console available at '/h2-console'. Database available at 'jdbc:h2:mem:testdb'
2020-02-01 15:14:46.644  INFO 12164 --- [restartedMain] o.s.b.a.e.web.ServletEndpointRegistrar   : Registered '/actuator/jolokia' to jolokia-actuator-endpoint
2020-02-01 15:14:46.765  INFO 12164 --- [restartedMain] o.s.b.d.a.OptionalLiveReloadServer       : LiveReload server is running on port 35729
2020-02-01 15:14:47.107  INFO 12164 --- [restartedMain] o.hibernate.jpa.internal.util.LogHelper  : HHH000204: Processing PersistenceUnitInfo [name: default]
2020-02-01 15:14:47.365  INFO 12164 --- [restartedMain] org.hibernate.Version                    : HHH000412: Hibernate Core {5.4.9.Final}
2020-02-01 15:14:47.795  INFO 12164 --- [restartedMain] o.hibernate.annotations.common.Version   : HCANN000001: Hibernate Commons Annotations {5.1.0.Final}
2020-02-01 15:14:48.188  INFO 12164 --- [restartedMain] org.hibernate.dialect.Dialect            : HHH000400: Using dialect: org.hibernate.dialect.H2Dialect
2020-02-01 15:14:49.802  INFO 12164 --- [restartedMain] o.h.e.t.j.p.i.JtaPlatformInitiator       : HHH000490: Using JtaPlatform implementation: [org.hibernate.engine.transaction.jta.platform.internal.NoJtaPlatform]
2020-02-01 15:14:49.820  INFO 12164 --- [restartedMain] j.LocalContainerEntityManagerFactoryBean : Initialized JPA EntityManagerFactory for persistence unit 'default'
2020-02-01 15:14:52.134  WARN 12164 --- [restartedMain] JpaBaseConfiguration$JpaWebConfiguration : spring.jpa.open-in-view is enabled by default. Therefore, database queries may be performed during view rendering. Explicitly configure spring.jpa.open-in-view to disable this warning
2020-02-01 15:14:52.545  INFO 12164 --- [restartedMain] o.s.s.concurrent.ThreadPoolTaskExecutor  : Initializing ExecutorService 'applicationTaskExecutor'
2020-02-01 15:14:54.293  INFO 12164 --- [restartedMain] o.s.b.a.e.web.EndpointLinksResolver      : Exposing 15 endpoint(s) beneath base path '/actuator'
2020-02-01 15:14:55.019  INFO 12164 --- [restartedMain] o.s.b.w.embedded.tomcat.TomcatWebServer  : Tomcat started on port(s): 8082 (http) with context path '/insure'
2020-02-01 15:14:55.026  INFO 12164 --- [restartedMain] com.health.HealthApplication             : Started HealthApplication in 18.045 seconds (JVM running for 19.043)
2020-02-01 15:15:51.964  INFO 12164 --- [http-nio-8082-exec-1] o.a.c.c.C.[.[localhost].[/insure]        : Initializing Spring DispatcherServlet 'dispatcherServlet'
2020-02-01 15:15:51.965  INFO 12164 --- [http-nio-8082-exec-1] o.s.web.servlet.DispatcherServlet        : Initializing Servlet 'dispatcherServlet'
2020-02-01 15:15:52.005  INFO 12164 --- [http-nio-8082-exec-1] o.s.web.servlet.DispatcherServlet        : Completed initialization in 39 ms
2020-02-01 15:15:52.242  INFO 12164 --- [http-nio-8082-exec-1] HealthPlanController                     : Received message
2020-02-01 15:15:52.294  INFO 12164 --- [DefaultMessageListenerContainer-1] MessageConsumer                          : Received Message for Plan HealthPlan [id=0, zip=77777, name=HMO, deductableIndividual=2500, deductableFamily=3000, outOfPocketIndividual=5000, outOfPocketFamily=5500, copay=30.0]
2020-02-01 15:15:52.401  INFO 12164 --- [http-nio-8082-exec-1] HealthPlanController                     : Sent message
2020-02-01 15:15:52.437  INFO 12164 --- [DefaultMessageListenerContainer-1] MessageConsumer                          : Repository updated with Plan 22
2020-02-01 15:18:30.837  INFO 12164 --- [ActiveMQ Connection Executor: tcp://localhost/127.0.0.1:61616@53237] o.s.j.c.CachingConnectionFactory         : Encountered a JMSException - resetting the underlying JMS Connection

javax.jms.JMSException: java.io.EOFException
	at org.apache.activemq.util.JMSExceptionSupport.create(JMSExceptionSupport.java:54) ~[activemq-client-5.15.11.jar:5.15.11]
	at org.apache.activemq.ActiveMQConnection.onAsyncException(ActiveMQConnection.java:1960) ~[activemq-client-5.15.11.jar:5.15.11]
	at org.apache.activemq.ActiveMQConnection.onException(ActiveMQConnection.java:1979) ~[activemq-client-5.15.11.jar:5.15.11]
	at org.apache.activemq.transport.TransportFilter.onException(TransportFilter.java:114) ~[activemq-client-5.15.11.jar:5.15.11]
	at org.apache.activemq.transport.ResponseCorrelator.onException(ResponseCorrelator.java:126) ~[activemq-client-5.15.11.jar:5.15.11]
	at org.apache.activemq.transport.TransportFilter.onException(TransportFilter.java:114) ~[activemq-client-5.15.11.jar:5.15.11]
	at org.apache.activemq.transport.TransportFilter.onException(TransportFilter.java:114) ~[activemq-client-5.15.11.jar:5.15.11]
	at org.apache.activemq.transport.WireFormatNegotiator.onException(WireFormatNegotiator.java:173) ~[activemq-client-5.15.11.jar:5.15.11]
	at org.apache.activemq.transport.AbstractInactivityMonitor.onException(AbstractInactivityMonitor.java:345) ~[activemq-client-5.15.11.jar:5.15.11]
	at org.apache.activemq.transport.TransportSupport.onException(TransportSupport.java:96) ~[activemq-client-5.15.11.jar:5.15.11]
	at org.apache.activemq.transport.tcp.TcpTransport.run(TcpTransport.java:219) ~[activemq-client-5.15.11.jar:5.15.11]
	at java.lang.Thread.run(Thread.java:748) [na:1.8.0_191]
Caused by: java.io.EOFException: null
	at java.io.DataInputStream.readInt(DataInputStream.java:392) ~[na:1.8.0_191]
	at org.apache.activemq.openwire.OpenWireFormat.unmarshal(OpenWireFormat.java:268) ~[activemq-client-5.15.11.jar:5.15.11]
	at org.apache.activemq.transport.tcp.TcpTransport.readCommand(TcpTransport.java:240) ~[activemq-client-5.15.11.jar:5.15.11]
	at org.apache.activemq.transport.tcp.TcpTransport.doRun(TcpTransport.java:232) ~[activemq-client-5.15.11.jar:5.15.11]
	at org.apache.activemq.transport.tcp.TcpTransport.run(TcpTransport.java:215) ~[activemq-client-5.15.11.jar:5.15.11]
	... 1 common frames omitted

2020-02-01 15:18:30.853  WARN 12164 --- [DefaultMessageListenerContainer-1] o.s.j.l.DefaultMessageListenerContainer  : Setup of JMS message listener invoker failed for destination 'myQueue' - trying to recover. Cause: The Consumer is closed
2020-02-01 15:18:30.979 ERROR 12164 --- [DefaultMessageListenerContainer-1] o.s.j.l.DefaultMessageListenerContainer  : Could not refresh JMS Connection for destination 'myQueue' - retrying using FixedBackOff{interval=5000, currentAttempts=0, maxAttempts=unlimited}. Cause: Cannot send, channel has already failed: tcp://127.0.0.1:61616
2020-02-01 15:18:30.985  INFO 12164 --- [ActiveMQ Connection Executor: tcp://localhost/127.0.0.1:61616@53283] o.s.j.c.CachingConnectionFactory         : Encountered a JMSException - resetting the underlying JMS Connection

javax.jms.JMSException: java.io.EOFException
	at org.apache.activemq.util.JMSExceptionSupport.create(JMSExceptionSupport.java:54) ~[activemq-client-5.15.11.jar:5.15.11]
	at org.apache.activemq.ActiveMQConnection.onAsyncException(ActiveMQConnection.java:1960) ~[activemq-client-5.15.11.jar:5.15.11]
	at org.apache.activemq.ActiveMQConnection.onException(ActiveMQConnection.java:1979) ~[activemq-client-5.15.11.jar:5.15.11]
	at org.apache.activemq.transport.TransportFilter.onException(TransportFilter.java:114) ~[activemq-client-5.15.11.jar:5.15.11]
	at org.apache.activemq.transport.ResponseCorrelator.onException(ResponseCorrelator.java:126) ~[activemq-client-5.15.11.jar:5.15.11]
	at org.apache.activemq.transport.TransportFilter.onException(TransportFilter.java:114) ~[activemq-client-5.15.11.jar:5.15.11]
	at org.apache.activemq.transport.TransportFilter.onException(TransportFilter.java:114) ~[activemq-client-5.15.11.jar:5.15.11]
	at org.apache.activemq.transport.WireFormatNegotiator.onException(WireFormatNegotiator.java:173) ~[activemq-client-5.15.11.jar:5.15.11]
	at org.apache.activemq.transport.AbstractInactivityMonitor.onException(AbstractInactivityMonitor.java:345) ~[activemq-client-5.15.11.jar:5.15.11]
	at org.apache.activemq.transport.TransportSupport.onException(TransportSupport.java:96) ~[activemq-client-5.15.11.jar:5.15.11]
	at org.apache.activemq.transport.tcp.TcpTransport.run(TcpTransport.java:219) ~[activemq-client-5.15.11.jar:5.15.11]
	at java.lang.Thread.run(Thread.java:748) [na:1.8.0_191]
Caused by: java.io.EOFException: null
	at java.io.DataInputStream.readInt(DataInputStream.java:392) ~[na:1.8.0_191]
	at org.apache.activemq.openwire.OpenWireFormat.unmarshal(OpenWireFormat.java:268) ~[activemq-client-5.15.11.jar:5.15.11]
	at org.apache.activemq.transport.tcp.TcpTransport.readCommand(TcpTransport.java:240) ~[activemq-client-5.15.11.jar:5.15.11]
	at org.apache.activemq.transport.tcp.TcpTransport.doRun(TcpTransport.java:232) ~[activemq-client-5.15.11.jar:5.15.11]
	at org.apache.activemq.transport.tcp.TcpTransport.run(TcpTransport.java:215) ~[activemq-client-5.15.11.jar:5.15.11]
	... 1 common frames omitted

2020-02-01 15:18:37.988 ERROR 12164 --- [DefaultMessageListenerContainer-1] o.s.j.l.DefaultMessageListenerContainer  : Could not refresh JMS Connection for destination 'myQueue' - retrying using FixedBackOff{interval=5000, currentAttempts=1, maxAttempts=unlimited}. Cause: Could not connect to broker URL: tcp://localhost:61616. Reason: java.net.ConnectException: Connection refused: connect
2020-02-01 15:18:44.994 ERROR 12164 --- [DefaultMessageListenerContainer-1] o.s.j.l.DefaultMessageListenerContainer  : Could not refresh JMS Connection for destination 'myQueue' - retrying using FixedBackOff{interval=5000, currentAttempts=2, maxAttempts=unlimited}. Cause: Could not connect to broker URL: tcp://localhost:61616. Reason: java.net.ConnectException: Connection refused: connect
2020-02-01 15:18:52.003 ERROR 12164 --- [DefaultMessageListenerContainer-1] o.s.j.l.DefaultMessageListenerContainer  : Could not refresh JMS Connection for destination 'myQueue' - retrying using FixedBackOff{interval=5000, currentAttempts=3, maxAttempts=unlimited}. Cause: Could not connect to broker URL: tcp://localhost:61616. Reason: java.net.ConnectException: Connection refused: connect
2020-02-01 15:18:59.016 ERROR 12164 --- [DefaultMessageListenerContainer-1] o.s.j.l.DefaultMessageListenerContainer  : Could not refresh JMS Connection for destination 'myQueue' - retrying using FixedBackOff{interval=5000, currentAttempts=4, maxAttempts=unlimited}. Cause: Could not connect to broker URL: tcp://localhost:61616. Reason: java.net.ConnectException: Connection refused: connect
2020-02-01 15:19:06.020 ERROR 12164 --- [DefaultMessageListenerContainer-1] o.s.j.l.DefaultMessageListenerContainer  : Could not refresh JMS Connection for destination 'myQueue' - retrying using FixedBackOff{interval=5000, currentAttempts=5, maxAttempts=unlimited}. Cause: Could not connect to broker URL: tcp://localhost:61616. Reason: java.net.ConnectException: Connection refused: connect
2020-02-01 15:19:13.041 ERROR 12164 --- [DefaultMessageListenerContainer-1] o.s.j.l.DefaultMessageListenerContainer  : Could not refresh JMS Connection for destination 'myQueue' - retrying using FixedBackOff{interval=5000, currentAttempts=6, maxAttempts=unlimited}. Cause: Could not connect to broker URL: tcp://localhost:61616. Reason: java.net.ConnectException: Connection refused: connect
2020-02-01 15:19:18.046 ERROR 12164 --- [DefaultMessageListenerContainer-1] o.s.j.l.DefaultMessageListenerContainer  : Could not refresh JMS Connection for destination 'myQueue' - retrying using FixedBackOff{interval=5000, currentAttempts=7, maxAttempts=unlimited}. Cause: Cannot send, channel has already failed: tcp://127.0.0.1:61616
2020-02-01 15:19:18.053  INFO 12164 --- [ActiveMQ Connection Executor: tcp://localhost/127.0.0.1:61616@53330] o.s.j.c.CachingConnectionFactory         : Encountered a JMSException - resetting the underlying JMS Connection

javax.jms.JMSException: java.io.EOFException
	at org.apache.activemq.util.JMSExceptionSupport.create(JMSExceptionSupport.java:54) ~[activemq-client-5.15.11.jar:5.15.11]
	at org.apache.activemq.ActiveMQConnection.onAsyncException(ActiveMQConnection.java:1960) ~[activemq-client-5.15.11.jar:5.15.11]
	at org.apache.activemq.ActiveMQConnection.onException(ActiveMQConnection.java:1979) ~[activemq-client-5.15.11.jar:5.15.11]
	at org.apache.activemq.transport.TransportFilter.onException(TransportFilter.java:114) ~[activemq-client-5.15.11.jar:5.15.11]
	at org.apache.activemq.transport.ResponseCorrelator.onException(ResponseCorrelator.java:126) ~[activemq-client-5.15.11.jar:5.15.11]
	at org.apache.activemq.transport.TransportFilter.onException(TransportFilter.java:114) ~[activemq-client-5.15.11.jar:5.15.11]
	at org.apache.activemq.transport.TransportFilter.onException(TransportFilter.java:114) ~[activemq-client-5.15.11.jar:5.15.11]
	at org.apache.activemq.transport.WireFormatNegotiator.onException(WireFormatNegotiator.java:173) ~[activemq-client-5.15.11.jar:5.15.11]
	at org.apache.activemq.transport.AbstractInactivityMonitor.onException(AbstractInactivityMonitor.java:345) ~[activemq-client-5.15.11.jar:5.15.11]
	at org.apache.activemq.transport.TransportSupport.onException(TransportSupport.java:96) ~[activemq-client-5.15.11.jar:5.15.11]
	at org.apache.activemq.transport.tcp.TcpTransport.run(TcpTransport.java:219) ~[activemq-client-5.15.11.jar:5.15.11]
	at java.lang.Thread.run(Thread.java:748) [na:1.8.0_191]
Caused by: java.io.EOFException: null
	at java.io.DataInputStream.readInt(DataInputStream.java:392) ~[na:1.8.0_191]
	at org.apache.activemq.openwire.OpenWireFormat.unmarshal(OpenWireFormat.java:268) ~[activemq-client-5.15.11.jar:5.15.11]
	at org.apache.activemq.transport.tcp.TcpTransport.readCommand(TcpTransport.java:240) ~[activemq-client-5.15.11.jar:5.15.11]
	at org.apache.activemq.transport.tcp.TcpTransport.doRun(TcpTransport.java:232) ~[activemq-client-5.15.11.jar:5.15.11]
	at org.apache.activemq.transport.tcp.TcpTransport.run(TcpTransport.java:215) ~[activemq-client-5.15.11.jar:5.15.11]
	... 1 common frames omitted

2020-02-01 15:19:23.064 ERROR 12164 --- [DefaultMessageListenerContainer-1] o.s.j.l.DefaultMessageListenerContainer  : Could not refresh JMS Connection for destination 'myQueue' - retrying using FixedBackOff{interval=5000, currentAttempts=8, maxAttempts=unlimited}. Cause: Cannot send, channel has already failed: tcp://127.0.0.1:61616
2020-02-01 15:19:23.071  INFO 12164 --- [ActiveMQ Connection Executor: tcp://localhost/127.0.0.1:61616@53332] o.s.j.c.CachingConnectionFactory         : Encountered a JMSException - resetting the underlying JMS Connection

javax.jms.JMSException: java.io.EOFException
	at org.apache.activemq.util.JMSExceptionSupport.create(JMSExceptionSupport.java:54) ~[activemq-client-5.15.11.jar:5.15.11]
	at org.apache.activemq.ActiveMQConnection.onAsyncException(ActiveMQConnection.java:1960) ~[activemq-client-5.15.11.jar:5.15.11]
	at org.apache.activemq.ActiveMQConnection.onException(ActiveMQConnection.java:1979) ~[activemq-client-5.15.11.jar:5.15.11]
	at org.apache.activemq.transport.TransportFilter.onException(TransportFilter.java:114) ~[activemq-client-5.15.11.jar:5.15.11]
	at org.apache.activemq.transport.ResponseCorrelator.onException(ResponseCorrelator.java:126) ~[activemq-client-5.15.11.jar:5.15.11]
	at org.apache.activemq.transport.TransportFilter.onException(TransportFilter.java:114) ~[activemq-client-5.15.11.jar:5.15.11]
	at org.apache.activemq.transport.TransportFilter.onException(TransportFilter.java:114) ~[activemq-client-5.15.11.jar:5.15.11]
	at org.apache.activemq.transport.WireFormatNegotiator.onException(WireFormatNegotiator.java:173) ~[activemq-client-5.15.11.jar:5.15.11]
	at org.apache.activemq.transport.AbstractInactivityMonitor.onException(AbstractInactivityMonitor.java:345) ~[activemq-client-5.15.11.jar:5.15.11]
	at org.apache.activemq.transport.TransportSupport.onException(TransportSupport.java:96) ~[activemq-client-5.15.11.jar:5.15.11]
	at org.apache.activemq.transport.tcp.TcpTransport.run(TcpTransport.java:219) ~[activemq-client-5.15.11.jar:5.15.11]
	at java.lang.Thread.run(Thread.java:748) [na:1.8.0_191]
Caused by: java.io.EOFException: null
	at java.io.DataInputStream.readInt(DataInputStream.java:392) ~[na:1.8.0_191]
	at org.apache.activemq.openwire.OpenWireFormat.unmarshal(OpenWireFormat.java:268) ~[activemq-client-5.15.11.jar:5.15.11]
	at org.apache.activemq.transport.tcp.TcpTransport.readCommand(TcpTransport.java:240) ~[activemq-client-5.15.11.jar:5.15.11]
	at org.apache.activemq.transport.tcp.TcpTransport.doRun(TcpTransport.java:232) ~[activemq-client-5.15.11.jar:5.15.11]
	at org.apache.activemq.transport.tcp.TcpTransport.run(TcpTransport.java:215) ~[activemq-client-5.15.11.jar:5.15.11]
	... 1 common frames omitted

2020-02-01 15:19:28.071 ERROR 12164 --- [DefaultMessageListenerContainer-1] o.s.j.l.DefaultMessageListenerContainer  : Could not refresh JMS Connection for destination 'myQueue' - retrying using FixedBackOff{interval=5000, currentAttempts=9, maxAttempts=unlimited}. Cause: Cannot send, channel has already failed: tcp://127.0.0.1:61616
2020-02-01 15:19:28.074  INFO 12164 --- [ActiveMQ Connection Executor: tcp://localhost/127.0.0.1:61616@53334] o.s.j.c.CachingConnectionFactory         : Encountered a JMSException - resetting the underlying JMS Connection

javax.jms.JMSException: java.io.EOFException
	at org.apache.activemq.util.JMSExceptionSupport.create(JMSExceptionSupport.java:54) ~[activemq-client-5.15.11.jar:5.15.11]
	at org.apache.activemq.ActiveMQConnection.onAsyncException(ActiveMQConnection.java:1960) ~[activemq-client-5.15.11.jar:5.15.11]
	at org.apache.activemq.ActiveMQConnection.onException(ActiveMQConnection.java:1979) ~[activemq-client-5.15.11.jar:5.15.11]
	at org.apache.activemq.transport.TransportFilter.onException(TransportFilter.java:114) ~[activemq-client-5.15.11.jar:5.15.11]
	at org.apache.activemq.transport.ResponseCorrelator.onException(ResponseCorrelator.java:126) ~[activemq-client-5.15.11.jar:5.15.11]
	at org.apache.activemq.transport.TransportFilter.onException(TransportFilter.java:114) ~[activemq-client-5.15.11.jar:5.15.11]
	at org.apache.activemq.transport.TransportFilter.onException(TransportFilter.java:114) ~[activemq-client-5.15.11.jar:5.15.11]
	at org.apache.activemq.transport.WireFormatNegotiator.onException(WireFormatNegotiator.java:173) ~[activemq-client-5.15.11.jar:5.15.11]
	at org.apache.activemq.transport.AbstractInactivityMonitor.onException(AbstractInactivityMonitor.java:345) ~[activemq-client-5.15.11.jar:5.15.11]
	at org.apache.activemq.transport.TransportSupport.onException(TransportSupport.java:96) ~[activemq-client-5.15.11.jar:5.15.11]
	at org.apache.activemq.transport.tcp.TcpTransport.run(TcpTransport.java:219) ~[activemq-client-5.15.11.jar:5.15.11]
	at java.lang.Thread.run(Thread.java:748) [na:1.8.0_191]
Caused by: java.io.EOFException: null
	at java.io.DataInputStream.readInt(DataInputStream.java:392) ~[na:1.8.0_191]
	at org.apache.activemq.openwire.OpenWireFormat.unmarshal(OpenWireFormat.java:268) ~[activemq-client-5.15.11.jar:5.15.11]
	at org.apache.activemq.transport.tcp.TcpTransport.readCommand(TcpTransport.java:240) ~[activemq-client-5.15.11.jar:5.15.11]
	at org.apache.activemq.transport.tcp.TcpTransport.doRun(TcpTransport.java:232) ~[activemq-client-5.15.11.jar:5.15.11]
	at org.apache.activemq.transport.tcp.TcpTransport.run(TcpTransport.java:215) ~[activemq-client-5.15.11.jar:5.15.11]
	... 1 common frames omitted

2020-02-01 15:23:38.459  INFO 16980 --- [restartedMain] com.health.HealthApplication             : Starting HealthApplication on DESKTOP-GG6D9HR with PID 16980 (C:\Users\domde\OneDrive\Documents\eclipseWorkspaces\Webage_SB\Lab07.1_Queues_External\target\classes started by domde in C:\Users\domde\OneDrive\Documents\eclipseWorkspaces\Webage_SB\Lab07.1_Queues_External)
2020-02-01 15:23:38.463  INFO 16980 --- [restartedMain] com.health.HealthApplication             : The following profiles are active: prod
2020-02-01 15:23:38.550  INFO 16980 --- [restartedMain] o.s.b.devtools.restart.ChangeableUrls    : The Class-Path manifest attribute in C:\Users\domde\.m2\repository\org\glassfish\jaxb\jaxb-runtime\2.3.2\jaxb-runtime-2.3.2.jar referenced one or more files that do not exist: file:/C:/Users/domde/.m2/repository/org/glassfish/jaxb/jaxb-runtime/2.3.2/jakarta.xml.bind-api-2.3.2.jar,file:/C:/Users/domde/.m2/repository/org/glassfish/jaxb/jaxb-runtime/2.3.2/txw2-2.3.2.jar,file:/C:/Users/domde/.m2/repository/org/glassfish/jaxb/jaxb-runtime/2.3.2/istack-commons-runtime-3.0.8.jar,file:/C:/Users/domde/.m2/repository/org/glassfish/jaxb/jaxb-runtime/2.3.2/stax-ex-1.8.1.jar,file:/C:/Users/domde/.m2/repository/org/glassfish/jaxb/jaxb-runtime/2.3.2/FastInfoset-1.2.16.jar,file:/C:/Users/domde/.m2/repository/org/glassfish/jaxb/jaxb-runtime/2.3.2/jakarta.activation-api-1.2.1.jar
2020-02-01 15:23:38.551  INFO 16980 --- [restartedMain] .e.DevToolsPropertyDefaultsPostProcessor : Devtools property defaults active! Set 'spring.devtools.add-properties' to 'false' to disable
2020-02-01 15:23:38.552  INFO 16980 --- [restartedMain] .e.DevToolsPropertyDefaultsPostProcessor : For additional web related logging consider setting the 'logging.level.web' property to 'DEBUG'
2020-02-01 15:23:41.072  INFO 16980 --- [restartedMain] .s.d.r.c.RepositoryConfigurationDelegate : Bootstrapping Spring Data JPA repositories in DEFAULT mode.
2020-02-01 15:23:41.221  INFO 16980 --- [restartedMain] .s.d.r.c.RepositoryConfigurationDelegate : Finished Spring Data repository scanning in 130ms. Found 1 JPA repository interfaces.
2020-02-01 15:23:42.439  INFO 16980 --- [restartedMain] trationDelegate$BeanPostProcessorChecker : Bean 'org.springframework.transaction.annotation.ProxyTransactionManagementConfiguration' of type [org.springframework.transaction.annotation.ProxyTransactionManagementConfiguration] is not eligible for getting processed by all BeanPostProcessors (for example: not eligible for auto-proxying)
2020-02-01 15:23:42.612  INFO 16980 --- [restartedMain] trationDelegate$BeanPostProcessorChecker : Bean 'org.springframework.hateoas.config.HateoasConfiguration' of type [org.springframework.hateoas.config.HateoasConfiguration$$EnhancerBySpringCGLIB$$832914da] is not eligible for getting processed by all BeanPostProcessors (for example: not eligible for auto-proxying)
2020-02-01 15:23:42.635  INFO 16980 --- [restartedMain] trationDelegate$BeanPostProcessorChecker : Bean 'relProviderPluginRegistry' of type [org.springframework.plugin.core.support.PluginRegistryFactoryBean] is not eligible for getting processed by all BeanPostProcessors (for example: not eligible for auto-proxying)
2020-02-01 15:23:42.647  INFO 16980 --- [restartedMain] trationDelegate$BeanPostProcessorChecker : Bean 'relProviderPluginRegistry' of type [org.springframework.plugin.core.OrderAwarePluginRegistry] is not eligible for getting processed by all BeanPostProcessors (for example: not eligible for auto-proxying)
2020-02-01 15:23:42.660  INFO 16980 --- [restartedMain] trationDelegate$BeanPostProcessorChecker : Bean '_relProvider' of type [org.springframework.hateoas.server.core.DelegatingLinkRelationProvider] is not eligible for getting processed by all BeanPostProcessors (for example: not eligible for auto-proxying)
2020-02-01 15:23:42.675  INFO 16980 --- [restartedMain] trationDelegate$BeanPostProcessorChecker : Bean 'messageResolver' of type [org.springframework.hateoas.mediatype.MessageSourceResolver] is not eligible for getting processed by all BeanPostProcessors (for example: not eligible for auto-proxying)
2020-02-01 15:23:42.677  INFO 16980 --- [restartedMain] trationDelegate$BeanPostProcessorChecker : Bean 'org.springframework.hateoas.mediatype.hal.HalMediaTypeConfiguration' of type [org.springframework.hateoas.mediatype.hal.HalMediaTypeConfiguration$$EnhancerBySpringCGLIB$$dd1da3af] is not eligible for getting processed by all BeanPostProcessors (for example: not eligible for auto-proxying)
2020-02-01 15:23:42.687  INFO 16980 --- [restartedMain] trationDelegate$BeanPostProcessorChecker : Bean 'org.springframework.boot.autoconfigure.jackson.JacksonAutoConfiguration$JacksonObjectMapperConfiguration' of type [org.springframework.boot.autoconfigure.jackson.JacksonAutoConfiguration$JacksonObjectMapperConfiguration] is not eligible for getting processed by all BeanPostProcessors (for example: not eligible for auto-proxying)
2020-02-01 15:23:42.694  INFO 16980 --- [restartedMain] trationDelegate$BeanPostProcessorChecker : Bean 'org.springframework.boot.autoconfigure.jackson.JacksonAutoConfiguration$JacksonObjectMapperBuilderConfiguration' of type [org.springframework.boot.autoconfigure.jackson.JacksonAutoConfiguration$JacksonObjectMapperBuilderConfiguration] is not eligible for getting processed by all BeanPostProcessors (for example: not eligible for auto-proxying)
2020-02-01 15:23:42.701  INFO 16980 --- [restartedMain] trationDelegate$BeanPostProcessorChecker : Bean 'org.springframework.boot.autoconfigure.jackson.JacksonAutoConfiguration$Jackson2ObjectMapperBuilderCustomizerConfiguration' of type [org.springframework.boot.autoconfigure.jackson.JacksonAutoConfiguration$Jackson2ObjectMapperBuilderCustomizerConfiguration] is not eligible for getting processed by all BeanPostProcessors (for example: not eligible for auto-proxying)
2020-02-01 15:23:42.729  INFO 16980 --- [restartedMain] trationDelegate$BeanPostProcessorChecker : Bean 'spring.jackson-org.springframework.boot.autoconfigure.jackson.JacksonProperties' of type [org.springframework.boot.autoconfigure.jackson.JacksonProperties] is not eligible for getting processed by all BeanPostProcessors (for example: not eligible for auto-proxying)
2020-02-01 15:23:42.735  INFO 16980 --- [restartedMain] trationDelegate$BeanPostProcessorChecker : Bean 'standardJacksonObjectMapperBuilderCustomizer' of type [org.springframework.boot.autoconfigure.jackson.JacksonAutoConfiguration$Jackson2ObjectMapperBuilderCustomizerConfiguration$StandardJackson2ObjectMapperBuilderCustomizer] is not eligible for getting processed by all BeanPostProcessors (for example: not eligible for auto-proxying)
2020-02-01 15:23:42.746  INFO 16980 --- [restartedMain] trationDelegate$BeanPostProcessorChecker : Bean 'org.springframework.boot.autoconfigure.jackson.JacksonAutoConfiguration$ParameterNamesModuleConfiguration' of type [org.springframework.boot.autoconfigure.jackson.JacksonAutoConfiguration$ParameterNamesModuleConfiguration] is not eligible for getting processed by all BeanPostProcessors (for example: not eligible for auto-proxying)
2020-02-01 15:23:42.756  INFO 16980 --- [restartedMain] trationDelegate$BeanPostProcessorChecker : Bean 'parameterNamesModule' of type [com.fasterxml.jackson.module.paramnames.ParameterNamesModule] is not eligible for getting processed by all BeanPostProcessors (for example: not eligible for auto-proxying)
2020-02-01 15:23:42.764  INFO 16980 --- [restartedMain] trationDelegate$BeanPostProcessorChecker : Bean 'org.springframework.boot.autoconfigure.jackson.JacksonAutoConfiguration' of type [org.springframework.boot.autoconfigure.jackson.JacksonAutoConfiguration] is not eligible for getting processed by all BeanPostProcessors (for example: not eligible for auto-proxying)
2020-02-01 15:23:42.782  INFO 16980 --- [restartedMain] trationDelegate$BeanPostProcessorChecker : Bean 'jsonComponentModule' of type [org.springframework.boot.jackson.JsonComponentModule] is not eligible for getting processed by all BeanPostProcessors (for example: not eligible for auto-proxying)
2020-02-01 15:23:42.787  INFO 16980 --- [restartedMain] trationDelegate$BeanPostProcessorChecker : Bean 'org.springframework.data.web.config.SpringDataJacksonConfiguration' of type [org.springframework.data.web.config.SpringDataJacksonConfiguration] is not eligible for getting processed by all BeanPostProcessors (for example: not eligible for auto-proxying)
2020-02-01 15:23:42.798  INFO 16980 --- [restartedMain] trationDelegate$BeanPostProcessorChecker : Bean 'jacksonGeoModule' of type [org.springframework.data.geo.GeoModule] is not eligible for getting processed by all BeanPostProcessors (for example: not eligible for auto-proxying)
2020-02-01 15:23:42.805  INFO 16980 --- [restartedMain] trationDelegate$BeanPostProcessorChecker : Bean 'jacksonObjectMapperBuilder' of type [org.springframework.http.converter.json.Jackson2ObjectMapperBuilder] is not eligible for getting processed by all BeanPostProcessors (for example: not eligible for auto-proxying)
2020-02-01 15:23:42.844  INFO 16980 --- [restartedMain] trationDelegate$BeanPostProcessorChecker : Bean 'jacksonObjectMapper' of type [com.fasterxml.jackson.databind.ObjectMapper] is not eligible for getting processed by all BeanPostProcessors (for example: not eligible for auto-proxying)
2020-02-01 15:23:42.959  INFO 16980 --- [restartedMain] trationDelegate$BeanPostProcessorChecker : Bean 'hypermediaWebMvcConverters' of type [org.springframework.hateoas.config.WebConverters] is not eligible for getting processed by all BeanPostProcessors (for example: not eligible for auto-proxying)
2020-02-01 15:23:43.859  INFO 16980 --- [restartedMain] o.s.b.w.embedded.tomcat.TomcatWebServer  : Tomcat initialized with port(s): 8082 (http)
2020-02-01 15:23:43.889  INFO 16980 --- [restartedMain] o.apache.catalina.core.StandardService   : Starting service [Tomcat]
2020-02-01 15:23:43.890  INFO 16980 --- [restartedMain] org.apache.catalina.core.StandardEngine  : Starting Servlet engine: [Apache Tomcat/9.0.29]
2020-02-01 15:23:44.179  INFO 16980 --- [restartedMain] o.a.c.c.C.[.[localhost].[/insure]        : Initializing Spring embedded WebApplicationContext
2020-02-01 15:23:44.180  INFO 16980 --- [restartedMain] o.s.web.context.ContextLoader            : Root WebApplicationContext: initialization completed in 5628 ms
2020-02-01 15:23:44.829  INFO 16980 --- [restartedMain] com.zaxxer.hikari.HikariDataSource       : HikariPool-1 - Starting...
2020-02-01 15:23:45.299  INFO 16980 --- [restartedMain] com.zaxxer.hikari.HikariDataSource       : HikariPool-1 - Start completed.
2020-02-01 15:23:45.416  INFO 16980 --- [restartedMain] o.s.b.a.h2.H2ConsoleAutoConfiguration    : H2 console available at '/h2-console'. Database available at 'jdbc:h2:mem:testdb'
2020-02-01 15:23:46.657  INFO 16980 --- [restartedMain] o.s.b.a.e.web.ServletEndpointRegistrar   : Registered '/actuator/jolokia' to jolokia-actuator-endpoint
2020-02-01 15:23:46.769  INFO 16980 --- [restartedMain] o.s.b.d.a.OptionalLiveReloadServer       : LiveReload server is running on port 35729
2020-02-01 15:23:47.134  INFO 16980 --- [restartedMain] o.hibernate.jpa.internal.util.LogHelper  : HHH000204: Processing PersistenceUnitInfo [name: default]
2020-02-01 15:23:47.365  INFO 16980 --- [restartedMain] org.hibernate.Version                    : HHH000412: Hibernate Core {5.4.9.Final}
2020-02-01 15:23:47.750  INFO 16980 --- [restartedMain] o.hibernate.annotations.common.Version   : HCANN000001: Hibernate Commons Annotations {5.1.0.Final}
2020-02-01 15:23:48.061  INFO 16980 --- [restartedMain] org.hibernate.dialect.Dialect            : HHH000400: Using dialect: org.hibernate.dialect.H2Dialect
2020-02-01 15:23:49.957  INFO 16980 --- [restartedMain] o.h.e.t.j.p.i.JtaPlatformInitiator       : HHH000490: Using JtaPlatform implementation: [org.hibernate.engine.transaction.jta.platform.internal.NoJtaPlatform]
2020-02-01 15:23:49.984  INFO 16980 --- [restartedMain] j.LocalContainerEntityManagerFactoryBean : Initialized JPA EntityManagerFactory for persistence unit 'default'
2020-02-01 15:23:52.388  WARN 16980 --- [restartedMain] JpaBaseConfiguration$JpaWebConfiguration : spring.jpa.open-in-view is enabled by default. Therefore, database queries may be performed during view rendering. Explicitly configure spring.jpa.open-in-view to disable this warning
2020-02-01 15:23:52.722  INFO 16980 --- [restartedMain] o.s.s.concurrent.ThreadPoolTaskExecutor  : Initializing ExecutorService 'applicationTaskExecutor'
2020-02-01 15:23:54.335  INFO 16980 --- [restartedMain] o.s.b.a.e.web.EndpointLinksResolver      : Exposing 15 endpoint(s) beneath base path '/actuator'
2020-02-01 15:23:55.308  INFO 16980 --- [restartedMain] o.s.b.w.embedded.tomcat.TomcatWebServer  : Tomcat started on port(s): 8082 (http) with context path '/insure'
2020-02-01 15:23:55.327  INFO 16980 --- [restartedMain] com.health.HealthApplication             : Started HealthApplication in 18.719 seconds (JVM running for 19.74)
