2019-12-30 15:41:48.044  INFO 20920 --- [restartedMain] com.health.HealthApplication             : Starting HealthApplication on DESKTOP-GG6D9HR with PID 20920 (C:\Users\domde\OneDrive\Documents\eclipseWorkspaces\DGP_MicroServices_2020\Lab04.1_Actuators\target\classes started by domde in C:\Users\domde\OneDrive\Documents\eclipseWorkspaces\DGP_MicroServices_2020\Lab04.1_Actuators)
2019-12-30 15:41:48.048  INFO 20920 --- [restartedMain] com.health.HealthApplication             : The following profiles are active: prod
2019-12-30 15:41:48.123  INFO 20920 --- [restartedMain] .e.DevToolsPropertyDefaultsPostProcessor : Devtools property defaults active! Set 'spring.devtools.add-properties' to 'false' to disable
2019-12-30 15:41:48.123  INFO 20920 --- [restartedMain] .e.DevToolsPropertyDefaultsPostProcessor : For additional web related logging consider setting the 'logging.level.web' property to 'DEBUG'
2019-12-30 15:41:50.036  INFO 20920 --- [restartedMain] trationDelegate$BeanPostProcessorChecker : Bean 'org.springframework.transaction.annotation.ProxyTransactionManagementConfiguration' of type [org.springframework.transaction.annotation.ProxyTransactionManagementConfiguration] is not eligible for getting processed by all BeanPostProcessors (for example: not eligible for auto-proxying)
2019-12-30 15:41:50.819  INFO 20920 --- [restartedMain] o.s.b.w.embedded.tomcat.TomcatWebServer  : Tomcat initialized with port(s): 8082 (http)
2019-12-30 15:41:50.839  INFO 20920 --- [restartedMain] o.apache.catalina.core.StandardService   : Starting service [Tomcat]
2019-12-30 15:41:50.842  INFO 20920 --- [restartedMain] org.apache.catalina.core.StandardEngine  : Starting Servlet engine: [Apache Tomcat/9.0.29]
2019-12-30 15:41:51.028  INFO 20920 --- [restartedMain] o.a.c.c.C.[.[localhost].[/insure]        : Initializing Spring embedded WebApplicationContext
2019-12-30 15:41:51.029  INFO 20920 --- [restartedMain] o.s.web.context.ContextLoader            : Root WebApplicationContext: initialization completed in 2904 ms
2019-12-30 15:41:51.292  INFO 20920 --- [restartedMain] com.zaxxer.hikari.HikariDataSource       : HikariPool-1 - Starting...
2019-12-30 15:41:51.719  INFO 20920 --- [restartedMain] com.zaxxer.hikari.HikariDataSource       : HikariPool-1 - Start completed.
2019-12-30 15:41:51.810  INFO 20920 --- [restartedMain] o.s.b.a.h2.H2ConsoleAutoConfiguration    : H2 console available at '/h2-console'. Database available at 'jdbc:h2:mem:testdb'
2019-12-30 15:41:52.145  INFO 20920 --- [restartedMain] o.s.b.a.e.web.ServletEndpointRegistrar   : Registered '/actuator/jolokia' to jolokia-actuator-endpoint
2019-12-30 15:41:52.223  INFO 20920 --- [restartedMain] o.s.b.d.a.OptionalLiveReloadServer       : LiveReload server is running on port 35729
2019-12-30 15:41:52.825  INFO 20920 --- [restartedMain] o.s.s.concurrent.ThreadPoolTaskExecutor  : Initializing ExecutorService 'applicationTaskExecutor'
2019-12-30 15:41:53.301  INFO 20920 --- [restartedMain] o.s.s.c.ThreadPoolTaskScheduler          : Initializing ExecutorService
2019-12-30 15:41:53.411  INFO 20920 --- [restartedMain] o.s.b.a.e.web.EndpointLinksResolver      : Exposing 15 endpoint(s) beneath base path '/actuator'
2019-12-30 15:41:53.525  INFO 20920 --- [restartedMain] o.s.b.w.embedded.tomcat.TomcatWebServer  : Tomcat started on port(s): 8082 (http) with context path '/insure'
2019-12-30 15:41:53.531  INFO 20920 --- [restartedMain] com.health.HealthApplication             : Started HealthApplication in 6.925 seconds (JVM running for 7.583)
2019-12-30 15:41:58.822  INFO 20920 --- [registrationTask1] d.c.b.a.c.r.ApplicationRegistrator       : Application registered itself as 6423ef98c304
2019-12-30 15:41:58.851  INFO 20920 --- [http-nio-8082-exec-1] o.a.c.c.C.[.[localhost].[/insure]        : Initializing Spring DispatcherServlet 'dispatcherServlet'
2019-12-30 15:41:58.851  INFO 20920 --- [http-nio-8082-exec-1] o.s.web.servlet.DispatcherServlet        : Initializing Servlet 'dispatcherServlet'
2019-12-30 15:41:58.863  INFO 20920 --- [http-nio-8082-exec-1] o.s.web.servlet.DispatcherServlet        : Completed initialization in 11 ms
2019-12-30 15:42:28.869  WARN 20920 --- [Thread-7] o.s.b.f.support.DisposableBeanAdapter    : Invocation of destroy method failed on bean with name 'inMemoryDatabaseShutdownExecutor': org.h2.jdbc.JdbcSQLNonTransientConnectionException: Database is already closed (to disable automatic closing at VM shutdown, add ";DB_CLOSE_ON_EXIT=FALSE" to the db URL) [90121-200]
2019-12-30 15:42:28.870  INFO 20920 --- [Thread-7] o.s.s.c.ThreadPoolTaskScheduler          : Shutting down ExecutorService
2019-12-30 15:42:28.872  INFO 20920 --- [Thread-7] o.s.s.concurrent.ThreadPoolTaskExecutor  : Shutting down ExecutorService 'applicationTaskExecutor'
2019-12-30 15:42:28.876  INFO 20920 --- [Thread-7] com.zaxxer.hikari.HikariDataSource       : HikariPool-1 - Shutdown initiated...
2019-12-30 15:42:28.885  INFO 20920 --- [Thread-7] com.zaxxer.hikari.HikariDataSource       : HikariPool-1 - Shutdown completed.
2019-12-30 15:42:29.743  INFO 20920 --- [restartedMain] com.health.HealthApplication             : Starting HealthApplication on DESKTOP-GG6D9HR with PID 20920 (C:\Users\domde\OneDrive\Documents\eclipseWorkspaces\DGP_MicroServices_2020\Lab04.1_Actuators\target\classes started by domde in C:\Users\domde\OneDrive\Documents\eclipseWorkspaces\DGP_MicroServices_2020\Lab04.1_Actuators)
2019-12-30 15:42:29.744  INFO 20920 --- [restartedMain] com.health.HealthApplication             : The following profiles are active: prod
2019-12-30 15:42:30.604  INFO 20920 --- [restartedMain] trationDelegate$BeanPostProcessorChecker : Bean 'org.springframework.transaction.annotation.ProxyTransactionManagementConfiguration' of type [org.springframework.transaction.annotation.ProxyTransactionManagementConfiguration] is not eligible for getting processed by all BeanPostProcessors (for example: not eligible for auto-proxying)
2019-12-30 15:42:30.716  WARN 20920 --- [restartedMain] org.apache.tomcat.util.modeler.Registry  : The MBean registry cannot be disabled because it has already been initialised
2019-12-30 15:42:30.851  INFO 20920 --- [restartedMain] o.s.b.w.embedded.tomcat.TomcatWebServer  : Tomcat initialized with port(s): 8082 (http)
2019-12-30 15:42:30.853  INFO 20920 --- [restartedMain] o.apache.catalina.core.StandardService   : Starting service [Tomcat]
2019-12-30 15:42:30.854  INFO 20920 --- [restartedMain] org.apache.catalina.core.StandardEngine  : Starting Servlet engine: [Apache Tomcat/9.0.29]
2019-12-30 15:42:30.977  INFO 20920 --- [restartedMain] o.a.c.c.C.[.[localhost].[/insure]        : Initializing Spring embedded WebApplicationContext
2019-12-30 15:42:30.981  INFO 20920 --- [restartedMain] o.s.web.context.ContextLoader            : Root WebApplicationContext: initialization completed in 1229 ms
2019-12-30 15:42:31.069  INFO 20920 --- [restartedMain] com.zaxxer.hikari.HikariDataSource       : HikariPool-2 - Starting...
2019-12-30 15:42:31.072  INFO 20920 --- [restartedMain] com.zaxxer.hikari.HikariDataSource       : HikariPool-2 - Start completed.
2019-12-30 15:42:31.108  INFO 20920 --- [restartedMain] o.s.b.a.h2.H2ConsoleAutoConfiguration    : H2 console available at '/h2-console'. Database available at 'jdbc:h2:mem:testdb'
2019-12-30 15:42:31.298  INFO 20920 --- [restartedMain] o.s.b.a.e.web.ServletEndpointRegistrar   : Registered '/actuator/jolokia' to jolokia-actuator-endpoint
2019-12-30 15:42:31.345  INFO 20920 --- [restartedMain] o.s.b.d.a.OptionalLiveReloadServer       : LiveReload server is running on port 35729
2019-12-30 15:42:31.772  INFO 20920 --- [restartedMain] o.s.s.concurrent.ThreadPoolTaskExecutor  : Initializing ExecutorService 'applicationTaskExecutor'
2019-12-30 15:42:31.925  INFO 20920 --- [restartedMain] o.s.s.c.ThreadPoolTaskScheduler          : Initializing ExecutorService
2019-12-30 15:42:32.001  INFO 20920 --- [restartedMain] o.s.b.a.e.web.EndpointLinksResolver      : Exposing 15 endpoint(s) beneath base path '/actuator'
2019-12-30 15:42:32.042  INFO 20920 --- [restartedMain] o.s.b.w.embedded.tomcat.TomcatWebServer  : Tomcat started on port(s): 8082 (http) with context path '/insure'
2019-12-30 15:42:32.044  INFO 20920 --- [restartedMain] com.health.HealthApplication             : Started HealthApplication in 2.444 seconds (JVM running for 46.096)
2019-12-30 15:42:32.053  INFO 20920 --- [restartedMain] .ConditionEvaluationDeltaLoggingListener : Condition evaluation unchanged
2019-12-30 15:42:38.846  INFO 20920 --- [http-nio-8082-exec-10] o.a.c.c.C.[.[localhost].[/insure]        : Initializing Spring DispatcherServlet 'dispatcherServlet'
2019-12-30 15:42:38.848  INFO 20920 --- [http-nio-8082-exec-10] o.s.web.servlet.DispatcherServlet        : Initializing Servlet 'dispatcherServlet'
2019-12-30 15:42:38.852  INFO 20920 --- [http-nio-8082-exec-10] o.s.web.servlet.DispatcherServlet        : Completed initialization in 4 ms
2019-12-30 15:42:41.132  INFO 20920 --- [registrationTask1] d.c.b.a.c.r.ApplicationRegistrator       : Application registered itself as 6423ef98c304
2019-12-30 15:42:42.816  WARN 20920 --- [Thread-11] o.s.b.f.support.DisposableBeanAdapter    : Invocation of destroy method failed on bean with name 'inMemoryDatabaseShutdownExecutor': org.h2.jdbc.JdbcSQLNonTransientConnectionException: Database is already closed (to disable automatic closing at VM shutdown, add ";DB_CLOSE_ON_EXIT=FALSE" to the db URL) [90121-200]
2019-12-30 15:42:42.817  INFO 20920 --- [Thread-11] o.s.s.c.ThreadPoolTaskScheduler          : Shutting down ExecutorService
2019-12-30 15:42:42.818  INFO 20920 --- [Thread-11] o.s.s.concurrent.ThreadPoolTaskExecutor  : Shutting down ExecutorService 'applicationTaskExecutor'
2019-12-30 15:42:42.819  INFO 20920 --- [Thread-11] com.zaxxer.hikari.HikariDataSource       : HikariPool-2 - Shutdown initiated...
2019-12-30 15:42:42.824  INFO 20920 --- [Thread-11] com.zaxxer.hikari.HikariDataSource       : HikariPool-2 - Shutdown completed.
2019-12-30 15:42:43.473  INFO 20920 --- [restartedMain] com.health.HealthApplication             : Starting HealthApplication on DESKTOP-GG6D9HR with PID 20920 (C:\Users\domde\OneDrive\Documents\eclipseWorkspaces\DGP_MicroServices_2020\Lab04.1_Actuators\target\classes started by domde in C:\Users\domde\OneDrive\Documents\eclipseWorkspaces\DGP_MicroServices_2020\Lab04.1_Actuators)
2019-12-30 15:42:43.474  INFO 20920 --- [restartedMain] com.health.HealthApplication             : The following profiles are active: prod
2019-12-30 15:42:44.097  INFO 20920 --- [restartedMain] trationDelegate$BeanPostProcessorChecker : Bean 'org.springframework.transaction.annotation.ProxyTransactionManagementConfiguration' of type [org.springframework.transaction.annotation.ProxyTransactionManagementConfiguration] is not eligible for getting processed by all BeanPostProcessors (for example: not eligible for auto-proxying)
2019-12-30 15:42:44.134  WARN 20920 --- [restartedMain] org.apache.tomcat.util.modeler.Registry  : The MBean registry cannot be disabled because it has already been initialised
2019-12-30 15:42:44.227  INFO 20920 --- [restartedMain] o.s.b.w.embedded.tomcat.TomcatWebServer  : Tomcat initialized with port(s): 8082 (http)
2019-12-30 15:42:44.229  INFO 20920 --- [restartedMain] o.apache.catalina.core.StandardService   : Starting service [Tomcat]
2019-12-30 15:42:44.233  INFO 20920 --- [restartedMain] org.apache.catalina.core.StandardEngine  : Starting Servlet engine: [Apache Tomcat/9.0.29]
2019-12-30 15:42:44.264  INFO 20920 --- [restartedMain] o.a.c.c.C.[.[localhost].[/insure]        : Initializing Spring embedded WebApplicationContext
2019-12-30 15:42:44.265  INFO 20920 --- [restartedMain] o.s.web.context.ContextLoader            : Root WebApplicationContext: initialization completed in 787 ms
2019-12-30 15:42:44.298  INFO 20920 --- [restartedMain] com.zaxxer.hikari.HikariDataSource       : HikariPool-3 - Starting...
2019-12-30 15:42:44.301  INFO 20920 --- [restartedMain] com.zaxxer.hikari.HikariDataSource       : HikariPool-3 - Start completed.
2019-12-30 15:42:44.311  INFO 20920 --- [restartedMain] o.s.b.a.h2.H2ConsoleAutoConfiguration    : H2 console available at '/h2-console'. Database available at 'jdbc:h2:mem:testdb'
2019-12-30 15:42:44.435  INFO 20920 --- [restartedMain] o.s.b.a.e.web.ServletEndpointRegistrar   : Registered '/actuator/jolokia' to jolokia-actuator-endpoint
2019-12-30 15:42:44.442  INFO 20920 --- [restartedMain] o.s.b.d.a.OptionalLiveReloadServer       : LiveReload server is running on port 35729
2019-12-30 15:42:44.616  WARN 20920 --- [restartedMain] ConfigServletWebServerApplicationContext : Exception encountered during context initialization - cancelling refresh attempt: org.springframework.beans.factory.UnsatisfiedDependencyException: Error creating bean with name 'healthController': Unsatisfied dependency expressed through field 'dao'; nested exception is org.springframework.beans.factory.NoUniqueBeanDefinitionException: No qualifying bean of type 'com.health.service.HealthPlanDAO' available: expected single matching bean but found 2: healthPlanDAOImpl,healthPlanDAOMock
2019-12-30 15:42:44.617  INFO 20920 --- [restartedMain] com.zaxxer.hikari.HikariDataSource       : HikariPool-3 - Shutdown initiated...
2019-12-30 15:42:44.687  INFO 20920 --- [restartedMain] com.zaxxer.hikari.HikariDataSource       : HikariPool-3 - Shutdown completed.
2019-12-30 15:42:44.692  INFO 20920 --- [restartedMain] o.apache.catalina.core.StandardService   : Stopping service [Tomcat]
2019-12-30 15:42:44.747  INFO 20920 --- [restartedMain] ConditionEvaluationReportLoggingListener : 

Error starting ApplicationContext. To display the conditions report re-run your application with 'debug' enabled.
2019-12-30 15:42:44.754 ERROR 20920 --- [restartedMain] o.s.b.d.LoggingFailureAnalysisReporter   : 

***************************
APPLICATION FAILED TO START
***************************

Description:

Field dao in com.health.controller.HealthController required a single bean, but 2 were found:
	- healthPlanDAOImpl: defined in file [C:\Users\domde\OneDrive\Documents\eclipseWorkspaces\DGP_MicroServices_2020\Lab04.1_Actuators\target\classes\com\health\service\HealthPlanDAOImpl.class]
	- healthPlanDAOMock: defined in file [C:\Users\domde\OneDrive\Documents\eclipseWorkspaces\DGP_MicroServices_2020\Lab04.1_Actuators\target\classes\com\health\service\HealthPlanDAOMock.class]


Action:

Consider marking one of the beans as @Primary, updating the consumer to accept multiple beans, or using @Qualifier to identify the bean that should be consumed

2019-12-30 15:42:53.472  INFO 20920 --- [restartedMain] com.health.HealthApplication             : Starting HealthApplication on DESKTOP-GG6D9HR with PID 20920 (C:\Users\domde\OneDrive\Documents\eclipseWorkspaces\DGP_MicroServices_2020\Lab04.1_Actuators\target\classes started by domde in C:\Users\domde\OneDrive\Documents\eclipseWorkspaces\DGP_MicroServices_2020\Lab04.1_Actuators)
2019-12-30 15:42:53.472  INFO 20920 --- [restartedMain] com.health.HealthApplication             : The following profiles are active: prod
2019-12-30 15:42:54.145  INFO 20920 --- [restartedMain] trationDelegate$BeanPostProcessorChecker : Bean 'org.springframework.transaction.annotation.ProxyTransactionManagementConfiguration' of type [org.springframework.transaction.annotation.ProxyTransactionManagementConfiguration] is not eligible for getting processed by all BeanPostProcessors (for example: not eligible for auto-proxying)
2019-12-30 15:42:54.186  WARN 20920 --- [restartedMain] org.apache.tomcat.util.modeler.Registry  : The MBean registry cannot be disabled because it has already been initialised
2019-12-30 15:42:54.291  INFO 20920 --- [restartedMain] o.s.b.w.embedded.tomcat.TomcatWebServer  : Tomcat initialized with port(s): 8082 (http)
2019-12-30 15:42:54.292  INFO 20920 --- [restartedMain] o.apache.catalina.core.StandardService   : Starting service [Tomcat]
2019-12-30 15:42:54.293  INFO 20920 --- [restartedMain] org.apache.catalina.core.StandardEngine  : Starting Servlet engine: [Apache Tomcat/9.0.29]
2019-12-30 15:42:54.322  INFO 20920 --- [restartedMain] o.a.c.c.C.[.[localhost].[/insure]        : Initializing Spring embedded WebApplicationContext
2019-12-30 15:42:54.322  INFO 20920 --- [restartedMain] o.s.web.context.ContextLoader            : Root WebApplicationContext: initialization completed in 843 ms
2019-12-30 15:42:54.361  INFO 20920 --- [restartedMain] com.zaxxer.hikari.HikariDataSource       : HikariPool-4 - Starting...
2019-12-30 15:42:54.362  INFO 20920 --- [restartedMain] com.zaxxer.hikari.HikariDataSource       : HikariPool-4 - Start completed.
2019-12-30 15:42:54.367 ERROR 20920 --- [restartedMain] o.s.b.web.embedded.tomcat.TomcatStarter  : Error starting Tomcat context. Exception: org.springframework.beans.factory.BeanCreationException. Message: Error creating bean with name 'h2Console' defined in class path resource [org/springframework/boot/autoconfigure/h2/H2ConsoleAutoConfiguration.class]: Bean instantiation via factory method failed; nested exception is org.springframework.beans.BeanInstantiationException: Failed to instantiate [org.springframework.boot.web.servlet.ServletRegistrationBean]: Factory method 'h2Console' threw exception; nested exception is org.springframework.beans.factory.BeanCreationException: Error creating bean with name 'dataSource' defined in class path resource [org/springframework/boot/autoconfigure/jdbc/DataSourceConfiguration$Hikari.class]: Initialization of bean failed; nested exception is org.springframework.beans.factory.BeanCreationException: Error creating bean with name 'org.springframework.boot.autoconfigure.jdbc.DataSourceInitializerInvoker': Invocation of init method failed; nested exception is org.springframework.jdbc.datasource.init.ScriptStatementFailedException: Failed to execute SQL script statement #1 of URL [file:/C:/Users/domde/OneDrive/Documents/eclipseWorkspaces/DGP_MicroServices_2020/Lab04.1_Actuators/target/classes/schema.sql]: CREATE TABLE PLAN ( PLANID BIGINT NOT NULL GENERATED ALWAYS AS IDENTITY, ZIP BIGINT NOT NULL, NAME VARCHAR(10) NOT NULL, DEDUCTABLEIND BIGINT, DEDUCTABLEFAMILY BIGINT, OUTOFPOCKETIND BIGINT, OUTOFPOCKETFAMILY BIGINT, COPAY DECIMAL(10,2), CONSTRAINT PK_PLAN PRIMARY KEY(PLANID) ); nested exception is org.h2.jdbc.JdbcSQLSyntaxErrorException: Table "PLAN" already exists; SQL statement:
CREATE TABLE PLAN ( PLANID BIGINT NOT NULL GENERATED ALWAYS AS IDENTITY, ZIP BIGINT NOT NULL, NAME VARCHAR(10) NOT NULL, DEDUCTABLEIND BIGINT, DEDUCTABLEFAMILY BIGINT, OUTOFPOCKETIND BIGINT, OUTOFPOCKETFAMILY BIGINT, COPAY DECIMAL(10,2), CONSTRAINT PK_PLAN PRIMARY KEY(PLANID) ) [42101-200]
2019-12-30 15:42:54.370  INFO 20920 --- [restartedMain] o.apache.catalina.core.StandardService   : Stopping service [Tomcat]
2019-12-30 15:42:54.402  WARN 20920 --- [restartedMain] o.a.c.loader.WebappClassLoaderBase       : The web application [insure] appears to have started a thread named [HikariPool-4 housekeeper] but has failed to stop it. This is very likely to create a memory leak. Stack trace of thread:
 sun.misc.Unsafe.park(Native Method)
 java.util.concurrent.locks.LockSupport.parkNanos(LockSupport.java:215)
 java.util.concurrent.locks.AbstractQueuedSynchronizer$ConditionObject.awaitNanos(AbstractQueuedSynchronizer.java:2078)
 java.util.concurrent.ScheduledThreadPoolExecutor$DelayedWorkQueue.take(ScheduledThreadPoolExecutor.java:1093)
 java.util.concurrent.ScheduledThreadPoolExecutor$DelayedWorkQueue.take(ScheduledThreadPoolExecutor.java:809)
 java.util.concurrent.ThreadPoolExecutor.getTask(ThreadPoolExecutor.java:1074)
 java.util.concurrent.ThreadPoolExecutor.runWorker(ThreadPoolExecutor.java:1134)
 java.util.concurrent.ThreadPoolExecutor$Worker.run(ThreadPoolExecutor.java:624)
 java.lang.Thread.run(Thread.java:748)
2019-12-30 15:42:54.405  WARN 20920 --- [restartedMain] ConfigServletWebServerApplicationContext : Exception encountered during context initialization - cancelling refresh attempt: org.springframework.context.ApplicationContextException: Unable to start web server; nested exception is org.springframework.boot.web.server.WebServerException: Unable to start embedded Tomcat
2019-12-30 15:42:54.413  INFO 20920 --- [restartedMain] ConditionEvaluationReportLoggingListener : 

Error starting ApplicationContext. To display the conditions report re-run your application with 'debug' enabled.
2019-12-30 15:42:54.426 ERROR 20920 --- [restartedMain] o.s.boot.SpringApplication               : Application run failed

org.springframework.context.ApplicationContextException: Unable to start web server; nested exception is org.springframework.boot.web.server.WebServerException: Unable to start embedded Tomcat
	at org.springframework.boot.web.servlet.context.ServletWebServerApplicationContext.onRefresh(ServletWebServerApplicationContext.java:156) ~[spring-boot-2.2.2.RELEASE.jar:2.2.2.RELEASE]
	at org.springframework.context.support.AbstractApplicationContext.refresh(AbstractApplicationContext.java:544) ~[spring-context-5.2.2.RELEASE.jar:5.2.2.RELEASE]
	at org.springframework.boot.web.servlet.context.ServletWebServerApplicationContext.refresh(ServletWebServerApplicationContext.java:141) ~[spring-boot-2.2.2.RELEASE.jar:2.2.2.RELEASE]
	at org.springframework.boot.SpringApplication.refresh(SpringApplication.java:747) ~[spring-boot-2.2.2.RELEASE.jar:2.2.2.RELEASE]
	at org.springframework.boot.SpringApplication.refreshContext(SpringApplication.java:397) ~[spring-boot-2.2.2.RELEASE.jar:2.2.2.RELEASE]
	at org.springframework.boot.SpringApplication.run(SpringApplication.java:315) ~[spring-boot-2.2.2.RELEASE.jar:2.2.2.RELEASE]
	at com.health.HealthApplication.main(HealthApplication.java:12) [classes/:na]
	at sun.reflect.NativeMethodAccessorImpl.invoke0(Native Method) ~[na:1.8.0_191]
	at sun.reflect.NativeMethodAccessorImpl.invoke(NativeMethodAccessorImpl.java:62) ~[na:1.8.0_191]
	at sun.reflect.DelegatingMethodAccessorImpl.invoke(DelegatingMethodAccessorImpl.java:43) ~[na:1.8.0_191]
	at java.lang.reflect.Method.invoke(Method.java:498) ~[na:1.8.0_191]
	at org.springframework.boot.devtools.restart.RestartLauncher.run(RestartLauncher.java:49) [spring-boot-devtools-2.2.2.RELEASE.jar:2.2.2.RELEASE]
Caused by: org.springframework.boot.web.server.WebServerException: Unable to start embedded Tomcat
	at org.springframework.boot.web.embedded.tomcat.TomcatWebServer.initialize(TomcatWebServer.java:126) ~[spring-boot-2.2.2.RELEASE.jar:2.2.2.RELEASE]
	at org.springframework.boot.web.embedded.tomcat.TomcatWebServer.<init>(TomcatWebServer.java:88) ~[spring-boot-2.2.2.RELEASE.jar:2.2.2.RELEASE]
	at org.springframework.boot.web.embedded.tomcat.TomcatServletWebServerFactory.getTomcatWebServer(TomcatServletWebServerFactory.java:438) ~[spring-boot-2.2.2.RELEASE.jar:2.2.2.RELEASE]
	at org.springframework.boot.web.embedded.tomcat.TomcatServletWebServerFactory.getWebServer(TomcatServletWebServerFactory.java:191) ~[spring-boot-2.2.2.RELEASE.jar:2.2.2.RELEASE]
	at org.springframework.boot.web.servlet.context.ServletWebServerApplicationContext.createWebServer(ServletWebServerApplicationContext.java:180) ~[spring-boot-2.2.2.RELEASE.jar:2.2.2.RELEASE]
	at org.springframework.boot.web.servlet.context.ServletWebServerApplicationContext.onRefresh(ServletWebServerApplicationContext.java:153) ~[spring-boot-2.2.2.RELEASE.jar:2.2.2.RELEASE]
	... 11 common frames omitted
Caused by: org.springframework.beans.factory.BeanCreationException: Error creating bean with name 'h2Console' defined in class path resource [org/springframework/boot/autoconfigure/h2/H2ConsoleAutoConfiguration.class]: Bean instantiation via factory method failed; nested exception is org.springframework.beans.BeanInstantiationException: Failed to instantiate [org.springframework.boot.web.servlet.ServletRegistrationBean]: Factory method 'h2Console' threw exception; nested exception is org.springframework.beans.factory.BeanCreationException: Error creating bean with name 'dataSource' defined in class path resource [org/springframework/boot/autoconfigure/jdbc/DataSourceConfiguration$Hikari.class]: Initialization of bean failed; nested exception is org.springframework.beans.factory.BeanCreationException: Error creating bean with name 'org.springframework.boot.autoconfigure.jdbc.DataSourceInitializerInvoker': Invocation of init method failed; nested exception is org.springframework.jdbc.datasource.init.ScriptStatementFailedException: Failed to execute SQL script statement #1 of URL [file:/C:/Users/domde/OneDrive/Documents/eclipseWorkspaces/DGP_MicroServices_2020/Lab04.1_Actuators/target/classes/schema.sql]: CREATE TABLE PLAN ( PLANID BIGINT NOT NULL GENERATED ALWAYS AS IDENTITY, ZIP BIGINT NOT NULL, NAME VARCHAR(10) NOT NULL, DEDUCTABLEIND BIGINT, DEDUCTABLEFAMILY BIGINT, OUTOFPOCKETIND BIGINT, OUTOFPOCKETFAMILY BIGINT, COPAY DECIMAL(10,2), CONSTRAINT PK_PLAN PRIMARY KEY(PLANID) ); nested exception is org.h2.jdbc.JdbcSQLSyntaxErrorException: Table "PLAN" already exists; SQL statement:
CREATE TABLE PLAN ( PLANID BIGINT NOT NULL GENERATED ALWAYS AS IDENTITY, ZIP BIGINT NOT NULL, NAME VARCHAR(10) NOT NULL, DEDUCTABLEIND BIGINT, DEDUCTABLEFAMILY BIGINT, OUTOFPOCKETIND BIGINT, OUTOFPOCKETFAMILY BIGINT, COPAY DECIMAL(10,2), CONSTRAINT PK_PLAN PRIMARY KEY(PLANID) ) [42101-200]
	at org.springframework.beans.factory.support.ConstructorResolver.instantiate(ConstructorResolver.java:656) ~[spring-beans-5.2.2.RELEASE.jar:5.2.2.RELEASE]
	at org.springframework.beans.factory.support.ConstructorResolver.instantiateUsingFactoryMethod(ConstructorResolver.java:636) ~[spring-beans-5.2.2.RELEASE.jar:5.2.2.RELEASE]
	at org.springframework.beans.factory.support.AbstractAutowireCapableBeanFactory.instantiateUsingFactoryMethod(AbstractAutowireCapableBeanFactory.java:1338) ~[spring-beans-5.2.2.RELEASE.jar:5.2.2.RELEASE]
	at org.springframework.beans.factory.support.AbstractAutowireCapableBeanFactory.createBeanInstance(AbstractAutowireCapableBeanFactory.java:1177) ~[spring-beans-5.2.2.RELEASE.jar:5.2.2.RELEASE]
	at org.springframework.beans.factory.support.AbstractAutowireCapableBeanFactory.doCreateBean(AbstractAutowireCapableBeanFactory.java:557) ~[spring-beans-5.2.2.RELEASE.jar:5.2.2.RELEASE]
	at org.springframework.beans.factory.support.AbstractAutowireCapableBeanFactory.createBean(AbstractAutowireCapableBeanFactory.java:517) ~[spring-beans-5.2.2.RELEASE.jar:5.2.2.RELEASE]
	at org.springframework.beans.factory.support.AbstractBeanFactory.lambda$doGetBean$0(AbstractBeanFactory.java:323) ~[spring-beans-5.2.2.RELEASE.jar:5.2.2.RELEASE]
	at org.springframework.beans.factory.support.DefaultSingletonBeanRegistry.getSingleton(DefaultSingletonBeanRegistry.java:222) ~[spring-beans-5.2.2.RELEASE.jar:5.2.2.RELEASE]
	at org.springframework.beans.factory.support.AbstractBeanFactory.doGetBean(AbstractBeanFactory.java:321) ~[spring-beans-5.2.2.RELEASE.jar:5.2.2.RELEASE]
	at org.springframework.beans.factory.support.AbstractBeanFactory.getBean(AbstractBeanFactory.java:207) ~[spring-beans-5.2.2.RELEASE.jar:5.2.2.RELEASE]
	at org.springframework.boot.web.servlet.ServletContextInitializerBeans.getOrderedBeansOfType(ServletContextInitializerBeans.java:211) ~[spring-boot-2.2.2.RELEASE.jar:2.2.2.RELEASE]
	at org.springframework.boot.web.servlet.ServletContextInitializerBeans.getOrderedBeansOfType(ServletContextInitializerBeans.java:202) ~[spring-boot-2.2.2.RELEASE.jar:2.2.2.RELEASE]
	at org.springframework.boot.web.servlet.ServletContextInitializerBeans.addServletContextInitializerBeans(ServletContextInitializerBeans.java:96) ~[spring-boot-2.2.2.RELEASE.jar:2.2.2.RELEASE]
	at org.springframework.boot.web.servlet.ServletContextInitializerBeans.<init>(ServletContextInitializerBeans.java:85) ~[spring-boot-2.2.2.RELEASE.jar:2.2.2.RELEASE]
	at org.springframework.boot.web.servlet.context.ServletWebServerApplicationContext.getServletContextInitializerBeans(ServletWebServerApplicationContext.java:253) ~[spring-boot-2.2.2.RELEASE.jar:2.2.2.RELEASE]
	at org.springframework.boot.web.servlet.context.ServletWebServerApplicationContext.selfInitialize(ServletWebServerApplicationContext.java:227) ~[spring-boot-2.2.2.RELEASE.jar:2.2.2.RELEASE]
	at org.springframework.boot.web.embedded.tomcat.TomcatStarter.onStartup(TomcatStarter.java:53) ~[spring-boot-2.2.2.RELEASE.jar:2.2.2.RELEASE]
	at org.apache.catalina.core.StandardContext.startInternal(StandardContext.java:5135) ~[tomcat-embed-core-9.0.29.jar:9.0.29]
	at org.apache.catalina.util.LifecycleBase.start(LifecycleBase.java:183) ~[tomcat-embed-core-9.0.29.jar:9.0.29]
	at org.apache.catalina.core.ContainerBase$StartChild.call(ContainerBase.java:1384) ~[tomcat-embed-core-9.0.29.jar:9.0.29]
	at org.apache.catalina.core.ContainerBase$StartChild.call(ContainerBase.java:1374) ~[tomcat-embed-core-9.0.29.jar:9.0.29]
	at java.util.concurrent.FutureTask.run(FutureTask.java:266) ~[na:1.8.0_191]
	at org.apache.tomcat.util.threads.InlineExecutorService.execute(InlineExecutorService.java:75) ~[tomcat-embed-core-9.0.29.jar:9.0.29]
	at java.util.concurrent.AbstractExecutorService.submit(AbstractExecutorService.java:134) ~[na:1.8.0_191]
	at org.apache.catalina.core.ContainerBase.startInternal(ContainerBase.java:909) ~[tomcat-embed-core-9.0.29.jar:9.0.29]
	at org.apache.catalina.core.StandardHost.startInternal(StandardHost.java:841) ~[tomcat-embed-core-9.0.29.jar:9.0.29]
	at org.apache.catalina.util.LifecycleBase.start(LifecycleBase.java:183) ~[tomcat-embed-core-9.0.29.jar:9.0.29]
	at org.apache.catalina.core.ContainerBase$StartChild.call(ContainerBase.java:1384) ~[tomcat-embed-core-9.0.29.jar:9.0.29]
	at org.apache.catalina.core.ContainerBase$StartChild.call(ContainerBase.java:1374) ~[tomcat-embed-core-9.0.29.jar:9.0.29]
	at java.util.concurrent.FutureTask.run(FutureTask.java:266) ~[na:1.8.0_191]
	at org.apache.tomcat.util.threads.InlineExecutorService.execute(InlineExecutorService.java:75) ~[tomcat-embed-core-9.0.29.jar:9.0.29]
	at java.util.concurrent.AbstractExecutorService.submit(AbstractExecutorService.java:134) ~[na:1.8.0_191]
	at org.apache.catalina.core.ContainerBase.startInternal(ContainerBase.java:909) ~[tomcat-embed-core-9.0.29.jar:9.0.29]
	at org.apache.catalina.core.StandardEngine.startInternal(StandardEngine.java:262) ~[tomcat-embed-core-9.0.29.jar:9.0.29]
	at org.apache.catalina.util.LifecycleBase.start(LifecycleBase.java:183) ~[tomcat-embed-core-9.0.29.jar:9.0.29]
	at org.apache.catalina.core.StandardService.startInternal(StandardService.java:421) ~[tomcat-embed-core-9.0.29.jar:9.0.29]
	at org.apache.catalina.util.LifecycleBase.start(LifecycleBase.java:183) ~[tomcat-embed-core-9.0.29.jar:9.0.29]
	at org.apache.catalina.core.StandardServer.startInternal(StandardServer.java:930) ~[tomcat-embed-core-9.0.29.jar:9.0.29]
	at org.apache.catalina.util.LifecycleBase.start(LifecycleBase.java:183) ~[tomcat-embed-core-9.0.29.jar:9.0.29]
	at org.apache.catalina.startup.Tomcat.start(Tomcat.java:459) ~[tomcat-embed-core-9.0.29.jar:9.0.29]
	at org.springframework.boot.web.embedded.tomcat.TomcatWebServer.initialize(TomcatWebServer.java:107) ~[spring-boot-2.2.2.RELEASE.jar:2.2.2.RELEASE]
	... 16 common frames omitted
Caused by: org.springframework.beans.BeanInstantiationException: Failed to instantiate [org.springframework.boot.web.servlet.ServletRegistrationBean]: Factory method 'h2Console' threw exception; nested exception is org.springframework.beans.factory.BeanCreationException: Error creating bean with name 'dataSource' defined in class path resource [org/springframework/boot/autoconfigure/jdbc/DataSourceConfiguration$Hikari.class]: Initialization of bean failed; nested exception is org.springframework.beans.factory.BeanCreationException: Error creating bean with name 'org.springframework.boot.autoconfigure.jdbc.DataSourceInitializerInvoker': Invocation of init method failed; nested exception is org.springframework.jdbc.datasource.init.ScriptStatementFailedException: Failed to execute SQL script statement #1 of URL [file:/C:/Users/domde/OneDrive/Documents/eclipseWorkspaces/DGP_MicroServices_2020/Lab04.1_Actuators/target/classes/schema.sql]: CREATE TABLE PLAN ( PLANID BIGINT NOT NULL GENERATED ALWAYS AS IDENTITY, ZIP BIGINT NOT NULL, NAME VARCHAR(10) NOT NULL, DEDUCTABLEIND BIGINT, DEDUCTABLEFAMILY BIGINT, OUTOFPOCKETIND BIGINT, OUTOFPOCKETFAMILY BIGINT, COPAY DECIMAL(10,2), CONSTRAINT PK_PLAN PRIMARY KEY(PLANID) ); nested exception is org.h2.jdbc.JdbcSQLSyntaxErrorException: Table "PLAN" already exists; SQL statement:
CREATE TABLE PLAN ( PLANID BIGINT NOT NULL GENERATED ALWAYS AS IDENTITY, ZIP BIGINT NOT NULL, NAME VARCHAR(10) NOT NULL, DEDUCTABLEIND BIGINT, DEDUCTABLEFAMILY BIGINT, OUTOFPOCKETIND BIGINT, OUTOFPOCKETFAMILY BIGINT, COPAY DECIMAL(10,2), CONSTRAINT PK_PLAN PRIMARY KEY(PLANID) ) [42101-200]
	at org.springframework.beans.factory.support.SimpleInstantiationStrategy.instantiate(SimpleInstantiationStrategy.java:185) ~[spring-beans-5.2.2.RELEASE.jar:5.2.2.RELEASE]
	at org.springframework.beans.factory.support.ConstructorResolver.instantiate(ConstructorResolver.java:651) ~[spring-beans-5.2.2.RELEASE.jar:5.2.2.RELEASE]
	... 56 common frames omitted
Caused by: org.springframework.beans.factory.BeanCreationException: Error creating bean with name 'dataSource' defined in class path resource [org/springframework/boot/autoconfigure/jdbc/DataSourceConfiguration$Hikari.class]: Initialization of bean failed; nested exception is org.springframework.beans.factory.BeanCreationException: Error creating bean with name 'org.springframework.boot.autoconfigure.jdbc.DataSourceInitializerInvoker': Invocation of init method failed; nested exception is org.springframework.jdbc.datasource.init.ScriptStatementFailedException: Failed to execute SQL script statement #1 of URL [file:/C:/Users/domde/OneDrive/Documents/eclipseWorkspaces/DGP_MicroServices_2020/Lab04.1_Actuators/target/classes/schema.sql]: CREATE TABLE PLAN ( PLANID BIGINT NOT NULL GENERATED ALWAYS AS IDENTITY, ZIP BIGINT NOT NULL, NAME VARCHAR(10) NOT NULL, DEDUCTABLEIND BIGINT, DEDUCTABLEFAMILY BIGINT, OUTOFPOCKETIND BIGINT, OUTOFPOCKETFAMILY BIGINT, COPAY DECIMAL(10,2), CONSTRAINT PK_PLAN PRIMARY KEY(PLANID) ); nested exception is org.h2.jdbc.JdbcSQLSyntaxErrorException: Table "PLAN" already exists; SQL statement:
CREATE TABLE PLAN ( PLANID BIGINT NOT NULL GENERATED ALWAYS AS IDENTITY, ZIP BIGINT NOT NULL, NAME VARCHAR(10) NOT NULL, DEDUCTABLEIND BIGINT, DEDUCTABLEFAMILY BIGINT, OUTOFPOCKETIND BIGINT, OUTOFPOCKETFAMILY BIGINT, COPAY DECIMAL(10,2), CONSTRAINT PK_PLAN PRIMARY KEY(PLANID) ) [42101-200]
	at org.springframework.beans.factory.support.AbstractAutowireCapableBeanFactory.doCreateBean(AbstractAutowireCapableBeanFactory.java:603) ~[spring-beans-5.2.2.RELEASE.jar:5.2.2.RELEASE]
	at org.springframework.beans.factory.support.AbstractAutowireCapableBeanFactory.createBean(AbstractAutowireCapableBeanFactory.java:517) ~[spring-beans-5.2.2.RELEASE.jar:5.2.2.RELEASE]
	at org.springframework.beans.factory.support.AbstractBeanFactory.lambda$doGetBean$0(AbstractBeanFactory.java:323) ~[spring-beans-5.2.2.RELEASE.jar:5.2.2.RELEASE]
	at org.springframework.beans.factory.support.DefaultSingletonBeanRegistry.getSingleton(DefaultSingletonBeanRegistry.java:222) ~[spring-beans-5.2.2.RELEASE.jar:5.2.2.RELEASE]
	at org.springframework.beans.factory.support.AbstractBeanFactory.doGetBean(AbstractBeanFactory.java:321) ~[spring-beans-5.2.2.RELEASE.jar:5.2.2.RELEASE]
	at org.springframework.beans.factory.support.AbstractBeanFactory.getBean(AbstractBeanFactory.java:202) ~[spring-beans-5.2.2.RELEASE.jar:5.2.2.RELEASE]
	at org.springframework.beans.factory.config.DependencyDescriptor.resolveCandidate(DependencyDescriptor.java:276) ~[spring-beans-5.2.2.RELEASE.jar:5.2.2.RELEASE]
	at org.springframework.beans.factory.support.DefaultListableBeanFactory.doResolveDependency(DefaultListableBeanFactory.java:1287) ~[spring-beans-5.2.2.RELEASE.jar:5.2.2.RELEASE]
	at org.springframework.beans.factory.support.DefaultListableBeanFactory$DependencyObjectProvider.getIfAvailable(DefaultListableBeanFactory.java:1920) ~[spring-beans-5.2.2.RELEASE.jar:5.2.2.RELEASE]
	at org.springframework.beans.factory.ObjectProvider.ifAvailable(ObjectProvider.java:91) ~[spring-beans-5.2.2.RELEASE.jar:5.2.2.RELEASE]
	at org.springframework.boot.autoconfigure.h2.H2ConsoleAutoConfiguration.h2Console(H2ConsoleAutoConfiguration.java:72) ~[spring-boot-autoconfigure-2.2.2.RELEASE.jar:2.2.2.RELEASE]
	at sun.reflect.NativeMethodAccessorImpl.invoke0(Native Method) ~[na:1.8.0_191]
	at sun.reflect.NativeMethodAccessorImpl.invoke(NativeMethodAccessorImpl.java:62) ~[na:1.8.0_191]
	at sun.reflect.DelegatingMethodAccessorImpl.invoke(DelegatingMethodAccessorImpl.java:43) ~[na:1.8.0_191]
	at java.lang.reflect.Method.invoke(Method.java:498) ~[na:1.8.0_191]
	at org.springframework.beans.factory.support.SimpleInstantiationStrategy.instantiate(SimpleInstantiationStrategy.java:154) ~[spring-beans-5.2.2.RELEASE.jar:5.2.2.RELEASE]
	... 57 common frames omitted
Caused by: org.springframework.beans.factory.BeanCreationException: Error creating bean with name 'org.springframework.boot.autoconfigure.jdbc.DataSourceInitializerInvoker': Invocation of init method failed; nested exception is org.springframework.jdbc.datasource.init.ScriptStatementFailedException: Failed to execute SQL script statement #1 of URL [file:/C:/Users/domde/OneDrive/Documents/eclipseWorkspaces/DGP_MicroServices_2020/Lab04.1_Actuators/target/classes/schema.sql]: CREATE TABLE PLAN ( PLANID BIGINT NOT NULL GENERATED ALWAYS AS IDENTITY, ZIP BIGINT NOT NULL, NAME VARCHAR(10) NOT NULL, DEDUCTABLEIND BIGINT, DEDUCTABLEFAMILY BIGINT, OUTOFPOCKETIND BIGINT, OUTOFPOCKETFAMILY BIGINT, COPAY DECIMAL(10,2), CONSTRAINT PK_PLAN PRIMARY KEY(PLANID) ); nested exception is org.h2.jdbc.JdbcSQLSyntaxErrorException: Table "PLAN" already exists; SQL statement:
CREATE TABLE PLAN ( PLANID BIGINT NOT NULL GENERATED ALWAYS AS IDENTITY, ZIP BIGINT NOT NULL, NAME VARCHAR(10) NOT NULL, DEDUCTABLEIND BIGINT, DEDUCTABLEFAMILY BIGINT, OUTOFPOCKETIND BIGINT, OUTOFPOCKETFAMILY BIGINT, COPAY DECIMAL(10,2), CONSTRAINT PK_PLAN PRIMARY KEY(PLANID) ) [42101-200]
	at org.springframework.beans.factory.support.AbstractAutowireCapableBeanFactory.initializeBean(AbstractAutowireCapableBeanFactory.java:1796) ~[spring-beans-5.2.2.RELEASE.jar:5.2.2.RELEASE]
	at org.springframework.beans.factory.support.AbstractAutowireCapableBeanFactory.doCreateBean(AbstractAutowireCapableBeanFactory.java:595) ~[spring-beans-5.2.2.RELEASE.jar:5.2.2.RELEASE]
	at org.springframework.beans.factory.support.AbstractAutowireCapableBeanFactory.createBean(AbstractAutowireCapableBeanFactory.java:517) ~[spring-beans-5.2.2.RELEASE.jar:5.2.2.RELEASE]
	at org.springframework.beans.factory.support.AbstractBeanFactory.lambda$doGetBean$0(AbstractBeanFactory.java:323) ~[spring-beans-5.2.2.RELEASE.jar:5.2.2.RELEASE]
	at org.springframework.beans.factory.support.DefaultSingletonBeanRegistry.getSingleton(DefaultSingletonBeanRegistry.java:222) ~[spring-beans-5.2.2.RELEASE.jar:5.2.2.RELEASE]
	at org.springframework.beans.factory.support.AbstractBeanFactory.doGetBean(AbstractBeanFactory.java:321) ~[spring-beans-5.2.2.RELEASE.jar:5.2.2.RELEASE]
	at org.springframework.beans.factory.support.AbstractBeanFactory.getBean(AbstractBeanFactory.java:227) ~[spring-beans-5.2.2.RELEASE.jar:5.2.2.RELEASE]
	at org.springframework.beans.factory.support.DefaultListableBeanFactory.resolveNamedBean(DefaultListableBeanFactory.java:1155) ~[spring-beans-5.2.2.RELEASE.jar:5.2.2.RELEASE]
	at org.springframework.beans.factory.support.DefaultListableBeanFactory.resolveBean(DefaultListableBeanFactory.java:416) ~[spring-beans-5.2.2.RELEASE.jar:5.2.2.RELEASE]
	at org.springframework.beans.factory.support.DefaultListableBeanFactory.getBean(DefaultListableBeanFactory.java:349) ~[spring-beans-5.2.2.RELEASE.jar:5.2.2.RELEASE]
	at org.springframework.beans.factory.support.DefaultListableBeanFactory.getBean(DefaultListableBeanFactory.java:342) ~[spring-beans-5.2.2.RELEASE.jar:5.2.2.RELEASE]
	at org.springframework.boot.autoconfigure.jdbc.DataSourceInitializerPostProcessor.postProcessAfterInitialization(DataSourceInitializerPostProcessor.java:52) ~[spring-boot-autoconfigure-2.2.2.RELEASE.jar:2.2.2.RELEASE]
	at org.springframework.beans.factory.support.AbstractAutowireCapableBeanFactory.applyBeanPostProcessorsAfterInitialization(AbstractAutowireCapableBeanFactory.java:431) ~[spring-beans-5.2.2.RELEASE.jar:5.2.2.RELEASE]
	at org.springframework.beans.factory.support.AbstractAutowireCapableBeanFactory.initializeBean(AbstractAutowireCapableBeanFactory.java:1800) ~[spring-beans-5.2.2.RELEASE.jar:5.2.2.RELEASE]
	at org.springframework.beans.factory.support.AbstractAutowireCapableBeanFactory.doCreateBean(AbstractAutowireCapableBeanFactory.java:595) ~[spring-beans-5.2.2.RELEASE.jar:5.2.2.RELEASE]
	... 72 common frames omitted
Caused by: org.springframework.jdbc.datasource.init.ScriptStatementFailedException: Failed to execute SQL script statement #1 of URL [file:/C:/Users/domde/OneDrive/Documents/eclipseWorkspaces/DGP_MicroServices_2020/Lab04.1_Actuators/target/classes/schema.sql]: CREATE TABLE PLAN ( PLANID BIGINT NOT NULL GENERATED ALWAYS AS IDENTITY, ZIP BIGINT NOT NULL, NAME VARCHAR(10) NOT NULL, DEDUCTABLEIND BIGINT, DEDUCTABLEFAMILY BIGINT, OUTOFPOCKETIND BIGINT, OUTOFPOCKETFAMILY BIGINT, COPAY DECIMAL(10,2), CONSTRAINT PK_PLAN PRIMARY KEY(PLANID) ); nested exception is org.h2.jdbc.JdbcSQLSyntaxErrorException: Table "PLAN" already exists; SQL statement:
CREATE TABLE PLAN ( PLANID BIGINT NOT NULL GENERATED ALWAYS AS IDENTITY, ZIP BIGINT NOT NULL, NAME VARCHAR(10) NOT NULL, DEDUCTABLEIND BIGINT, DEDUCTABLEFAMILY BIGINT, OUTOFPOCKETIND BIGINT, OUTOFPOCKETFAMILY BIGINT, COPAY DECIMAL(10,2), CONSTRAINT PK_PLAN PRIMARY KEY(PLANID) ) [42101-200]
	at org.springframework.jdbc.datasource.init.ScriptUtils.executeSqlScript(ScriptUtils.java:626) ~[spring-jdbc-5.2.2.RELEASE.jar:5.2.2.RELEASE]
	at org.springframework.jdbc.datasource.init.ResourceDatabasePopulator.populate(ResourceDatabasePopulator.java:254) ~[spring-jdbc-5.2.2.RELEASE.jar:5.2.2.RELEASE]
	at org.springframework.jdbc.datasource.init.DatabasePopulatorUtils.execute(DatabasePopulatorUtils.java:49) ~[spring-jdbc-5.2.2.RELEASE.jar:5.2.2.RELEASE]
	at org.springframework.boot.autoconfigure.jdbc.DataSourceInitializer.runScripts(DataSourceInitializer.java:202) ~[spring-boot-autoconfigure-2.2.2.RELEASE.jar:2.2.2.RELEASE]
	at org.springframework.boot.autoconfigure.jdbc.DataSourceInitializer.createSchema(DataSourceInitializer.java:101) ~[spring-boot-autoconfigure-2.2.2.RELEASE.jar:2.2.2.RELEASE]
	at org.springframework.boot.autoconfigure.jdbc.DataSourceInitializerInvoker.afterPropertiesSet(DataSourceInitializerInvoker.java:63) ~[spring-boot-autoconfigure-2.2.2.RELEASE.jar:2.2.2.RELEASE]
	at org.springframework.beans.factory.support.AbstractAutowireCapableBeanFactory.invokeInitMethods(AbstractAutowireCapableBeanFactory.java:1855) ~[spring-beans-5.2.2.RELEASE.jar:5.2.2.RELEASE]
	at org.springframework.beans.factory.support.AbstractAutowireCapableBeanFactory.initializeBean(AbstractAutowireCapableBeanFactory.java:1792) ~[spring-beans-5.2.2.RELEASE.jar:5.2.2.RELEASE]
	... 86 common frames omitted
Caused by: org.h2.jdbc.JdbcSQLSyntaxErrorException: Table "PLAN" already exists; SQL statement:
CREATE TABLE PLAN ( PLANID BIGINT NOT NULL GENERATED ALWAYS AS IDENTITY, ZIP BIGINT NOT NULL, NAME VARCHAR(10) NOT NULL, DEDUCTABLEIND BIGINT, DEDUCTABLEFAMILY BIGINT, OUTOFPOCKETIND BIGINT, OUTOFPOCKETFAMILY BIGINT, COPAY DECIMAL(10,2), CONSTRAINT PK_PLAN PRIMARY KEY(PLANID) ) [42101-200]
	at org.h2.message.DbException.getJdbcSQLException(DbException.java:453) ~[h2-1.4.200.jar:1.4.200]
	at org.h2.message.DbException.getJdbcSQLException(DbException.java:429) ~[h2-1.4.200.jar:1.4.200]
	at org.h2.message.DbException.get(DbException.java:205) ~[h2-1.4.200.jar:1.4.200]
	at org.h2.message.DbException.get(DbException.java:181) ~[h2-1.4.200.jar:1.4.200]
	at org.h2.command.ddl.CreateTable.update(CreateTable.java:89) ~[h2-1.4.200.jar:1.4.200]
	at org.h2.command.CommandContainer.update(CommandContainer.java:198) ~[h2-1.4.200.jar:1.4.200]
	at org.h2.command.Command.executeUpdate(Command.java:251) ~[h2-1.4.200.jar:1.4.200]
	at org.h2.jdbc.JdbcStatement.executeInternal(JdbcStatement.java:228) ~[h2-1.4.200.jar:1.4.200]
	at org.h2.jdbc.JdbcStatement.execute(JdbcStatement.java:201) ~[h2-1.4.200.jar:1.4.200]
	at com.zaxxer.hikari.pool.ProxyStatement.execute(ProxyStatement.java:95) ~[HikariCP-3.4.1.jar:na]
	at com.zaxxer.hikari.pool.HikariProxyStatement.execute(HikariProxyStatement.java) ~[HikariCP-3.4.1.jar:na]
	at org.springframework.jdbc.datasource.init.ScriptUtils.executeSqlScript(ScriptUtils.java:605) ~[spring-jdbc-5.2.2.RELEASE.jar:5.2.2.RELEASE]
	... 93 common frames omitted

2019-12-30 15:43:59.608  INFO 18788 --- [restartedMain] com.health.HealthApplication             : Starting HealthApplication on DESKTOP-GG6D9HR with PID 18788 (C:\Users\domde\OneDrive\Documents\eclipseWorkspaces\DGP_MicroServices_2020\Lab04.1_Actuators\target\classes started by domde in C:\Users\domde\OneDrive\Documents\eclipseWorkspaces\DGP_MicroServices_2020\Lab04.1_Actuators)
2019-12-30 15:43:59.613  INFO 18788 --- [restartedMain] com.health.HealthApplication             : The following profiles are active: prod
2019-12-30 15:43:59.687  INFO 18788 --- [restartedMain] .e.DevToolsPropertyDefaultsPostProcessor : Devtools property defaults active! Set 'spring.devtools.add-properties' to 'false' to disable
2019-12-30 15:43:59.688  INFO 18788 --- [restartedMain] .e.DevToolsPropertyDefaultsPostProcessor : For additional web related logging consider setting the 'logging.level.web' property to 'DEBUG'
2019-12-30 15:44:01.644  INFO 18788 --- [restartedMain] trationDelegate$BeanPostProcessorChecker : Bean 'org.springframework.transaction.annotation.ProxyTransactionManagementConfiguration' of type [org.springframework.transaction.annotation.ProxyTransactionManagementConfiguration] is not eligible for getting processed by all BeanPostProcessors (for example: not eligible for auto-proxying)
2019-12-30 15:44:02.196  INFO 18788 --- [restartedMain] o.s.b.w.embedded.tomcat.TomcatWebServer  : Tomcat initialized with port(s): 8082 (http)
2019-12-30 15:44:02.213  INFO 18788 --- [restartedMain] o.apache.catalina.core.StandardService   : Starting service [Tomcat]
2019-12-30 15:44:02.214  INFO 18788 --- [restartedMain] org.apache.catalina.core.StandardEngine  : Starting Servlet engine: [Apache Tomcat/9.0.29]
2019-12-30 15:44:02.373  INFO 18788 --- [restartedMain] o.a.c.c.C.[.[localhost].[/insure]        : Initializing Spring embedded WebApplicationContext
2019-12-30 15:44:02.374  INFO 18788 --- [restartedMain] o.s.web.context.ContextLoader            : Root WebApplicationContext: initialization completed in 2686 ms
2019-12-30 15:44:02.565  INFO 18788 --- [restartedMain] com.zaxxer.hikari.HikariDataSource       : HikariPool-1 - Starting...
2019-12-30 15:44:02.854  INFO 18788 --- [restartedMain] com.zaxxer.hikari.HikariDataSource       : HikariPool-1 - Start completed.
2019-12-30 15:44:02.916  INFO 18788 --- [restartedMain] o.s.b.a.h2.H2ConsoleAutoConfiguration    : H2 console available at '/h2-console'. Database available at 'jdbc:h2:mem:testdb'
2019-12-30 15:44:03.188  INFO 18788 --- [restartedMain] o.s.b.a.e.web.ServletEndpointRegistrar   : Registered '/actuator/jolokia' to jolokia-actuator-endpoint
2019-12-30 15:44:03.249  INFO 18788 --- [restartedMain] o.s.b.d.a.OptionalLiveReloadServer       : LiveReload server is running on port 35729
2019-12-30 15:44:03.524  WARN 18788 --- [restartedMain] ConfigServletWebServerApplicationContext : Exception encountered during context initialization - cancelling refresh attempt: org.springframework.beans.factory.UnsatisfiedDependencyException: Error creating bean with name 'healthController': Unsatisfied dependency expressed through field 'dao'; nested exception is org.springframework.beans.factory.NoUniqueBeanDefinitionException: No qualifying bean of type 'com.health.service.HealthPlanDAO' available: expected single matching bean but found 2: healthPlanDAOImpl,healthPlanDAOMock
2019-12-30 15:44:03.525  INFO 18788 --- [restartedMain] com.zaxxer.hikari.HikariDataSource       : HikariPool-1 - Shutdown initiated...
2019-12-30 15:44:03.530  INFO 18788 --- [restartedMain] com.zaxxer.hikari.HikariDataSource       : HikariPool-1 - Shutdown completed.
2019-12-30 15:44:03.535  INFO 18788 --- [restartedMain] o.apache.catalina.core.StandardService   : Stopping service [Tomcat]
2019-12-30 15:44:03.557  INFO 18788 --- [restartedMain] ConditionEvaluationReportLoggingListener : 

Error starting ApplicationContext. To display the conditions report re-run your application with 'debug' enabled.
2019-12-30 15:44:03.560 ERROR 18788 --- [restartedMain] o.s.b.d.LoggingFailureAnalysisReporter   : 

***************************
APPLICATION FAILED TO START
***************************

Description:

Field dao in com.health.controller.HealthController required a single bean, but 2 were found:
	- healthPlanDAOImpl: defined in file [C:\Users\domde\OneDrive\Documents\eclipseWorkspaces\DGP_MicroServices_2020\Lab04.1_Actuators\target\classes\com\health\service\HealthPlanDAOImpl.class]
	- healthPlanDAOMock: defined in file [C:\Users\domde\OneDrive\Documents\eclipseWorkspaces\DGP_MicroServices_2020\Lab04.1_Actuators\target\classes\com\health\service\HealthPlanDAOMock.class]


Action:

Consider marking one of the beans as @Primary, updating the consumer to accept multiple beans, or using @Qualifier to identify the bean that should be consumed

2019-12-30 15:44:35.109  INFO 13164 --- [restartedMain] com.health.HealthApplication             : Starting HealthApplication on DESKTOP-GG6D9HR with PID 13164 (C:\Users\domde\OneDrive\Documents\eclipseWorkspaces\DGP_MicroServices_2020\Lab04.1_Actuators\target\classes started by domde in C:\Users\domde\OneDrive\Documents\eclipseWorkspaces\DGP_MicroServices_2020\Lab04.1_Actuators)
2019-12-30 15:44:35.118  INFO 13164 --- [restartedMain] com.health.HealthApplication             : The following profiles are active: prod
2019-12-30 15:44:35.215  INFO 13164 --- [restartedMain] .e.DevToolsPropertyDefaultsPostProcessor : Devtools property defaults active! Set 'spring.devtools.add-properties' to 'false' to disable
2019-12-30 15:44:35.216  INFO 13164 --- [restartedMain] .e.DevToolsPropertyDefaultsPostProcessor : For additional web related logging consider setting the 'logging.level.web' property to 'DEBUG'
2019-12-30 15:44:37.422  INFO 13164 --- [restartedMain] trationDelegate$BeanPostProcessorChecker : Bean 'org.springframework.transaction.annotation.ProxyTransactionManagementConfiguration' of type [org.springframework.transaction.annotation.ProxyTransactionManagementConfiguration] is not eligible for getting processed by all BeanPostProcessors (for example: not eligible for auto-proxying)
2019-12-30 15:44:38.090  INFO 13164 --- [restartedMain] o.s.b.w.embedded.tomcat.TomcatWebServer  : Tomcat initialized with port(s): 8082 (http)
2019-12-30 15:44:38.112  INFO 13164 --- [restartedMain] o.apache.catalina.core.StandardService   : Starting service [Tomcat]
2019-12-30 15:44:38.113  INFO 13164 --- [restartedMain] org.apache.catalina.core.StandardEngine  : Starting Servlet engine: [Apache Tomcat/9.0.29]
2019-12-30 15:44:38.292  INFO 13164 --- [restartedMain] o.a.c.c.C.[.[localhost].[/insure]        : Initializing Spring embedded WebApplicationContext
2019-12-30 15:44:38.293  INFO 13164 --- [restartedMain] o.s.web.context.ContextLoader            : Root WebApplicationContext: initialization completed in 3077 ms
2019-12-30 15:44:38.508  INFO 13164 --- [restartedMain] com.zaxxer.hikari.HikariDataSource       : HikariPool-1 - Starting...
2019-12-30 15:44:38.877  INFO 13164 --- [restartedMain] com.zaxxer.hikari.HikariDataSource       : HikariPool-1 - Start completed.
2019-12-30 15:44:38.956  INFO 13164 --- [restartedMain] o.s.b.a.h2.H2ConsoleAutoConfiguration    : H2 console available at '/h2-console'. Database available at 'jdbc:h2:mem:testdb'
2019-12-30 15:44:39.236  INFO 13164 --- [restartedMain] o.s.b.a.e.web.ServletEndpointRegistrar   : Registered '/actuator/jolokia' to jolokia-actuator-endpoint
2019-12-30 15:44:39.307  INFO 13164 --- [restartedMain] o.s.b.d.a.OptionalLiveReloadServer       : LiveReload server is running on port 35729
2019-12-30 15:44:39.823  INFO 13164 --- [restartedMain] o.s.s.concurrent.ThreadPoolTaskExecutor  : Initializing ExecutorService 'applicationTaskExecutor'
2019-12-30 15:44:40.268  INFO 13164 --- [restartedMain] o.s.s.c.ThreadPoolTaskScheduler          : Initializing ExecutorService
2019-12-30 15:44:40.368  INFO 13164 --- [restartedMain] o.s.b.a.e.web.EndpointLinksResolver      : Exposing 15 endpoint(s) beneath base path '/actuator'
2019-12-30 15:44:40.473  INFO 13164 --- [restartedMain] o.s.b.w.embedded.tomcat.TomcatWebServer  : Tomcat started on port(s): 8082 (http) with context path '/insure'
2019-12-30 15:44:40.478  INFO 13164 --- [restartedMain] com.health.HealthApplication             : Started HealthApplication in 6.806 seconds (JVM running for 7.502)
2019-12-30 15:45:18.441  INFO 12680 --- [restartedMain] com.health.HealthApplication             : Starting HealthApplication on DESKTOP-GG6D9HR with PID 12680 (C:\Users\domde\OneDrive\Documents\eclipseWorkspaces\DGP_MicroServices_2020\Lab04.1_Actuators\target\classes started by domde in C:\Users\domde\OneDrive\Documents\eclipseWorkspaces\DGP_MicroServices_2020\Lab04.1_Actuators)
2019-12-30 15:45:18.445  INFO 12680 --- [restartedMain] com.health.HealthApplication             : The following profiles are active: prod
2019-12-30 15:45:18.517  INFO 12680 --- [restartedMain] .e.DevToolsPropertyDefaultsPostProcessor : Devtools property defaults active! Set 'spring.devtools.add-properties' to 'false' to disable
2019-12-30 15:45:18.517  INFO 12680 --- [restartedMain] .e.DevToolsPropertyDefaultsPostProcessor : For additional web related logging consider setting the 'logging.level.web' property to 'DEBUG'
2019-12-30 15:45:20.368  INFO 12680 --- [restartedMain] trationDelegate$BeanPostProcessorChecker : Bean 'org.springframework.transaction.annotation.ProxyTransactionManagementConfiguration' of type [org.springframework.transaction.annotation.ProxyTransactionManagementConfiguration] is not eligible for getting processed by all BeanPostProcessors (for example: not eligible for auto-proxying)
2019-12-30 15:45:20.904  INFO 12680 --- [restartedMain] o.s.b.w.embedded.tomcat.TomcatWebServer  : Tomcat initialized with port(s): 8082 (http)
2019-12-30 15:45:20.920  INFO 12680 --- [restartedMain] o.apache.catalina.core.StandardService   : Starting service [Tomcat]
2019-12-30 15:45:20.920  INFO 12680 --- [restartedMain] org.apache.catalina.core.StandardEngine  : Starting Servlet engine: [Apache Tomcat/9.0.29]
2019-12-30 15:45:21.066  INFO 12680 --- [restartedMain] o.a.c.c.C.[.[localhost].[/insure]        : Initializing Spring embedded WebApplicationContext
2019-12-30 15:45:21.067  INFO 12680 --- [restartedMain] o.s.web.context.ContextLoader            : Root WebApplicationContext: initialization completed in 2549 ms
2019-12-30 15:45:21.254  INFO 12680 --- [restartedMain] com.zaxxer.hikari.HikariDataSource       : HikariPool-1 - Starting...
2019-12-30 15:45:21.525  INFO 12680 --- [restartedMain] com.zaxxer.hikari.HikariDataSource       : HikariPool-1 - Start completed.
2019-12-30 15:45:21.582  INFO 12680 --- [restartedMain] o.s.b.a.h2.H2ConsoleAutoConfiguration    : H2 console available at '/h2-console'. Database available at 'jdbc:h2:mem:testdb'
2019-12-30 15:45:21.858  INFO 12680 --- [restartedMain] o.s.b.a.e.web.ServletEndpointRegistrar   : Registered '/actuator/jolokia' to jolokia-actuator-endpoint
2019-12-30 15:45:21.919  INFO 12680 --- [restartedMain] o.s.b.d.a.OptionalLiveReloadServer       : LiveReload server is running on port 35729
2019-12-30 15:45:22.455  INFO 12680 --- [restartedMain] o.s.s.concurrent.ThreadPoolTaskExecutor  : Initializing ExecutorService 'applicationTaskExecutor'
2019-12-30 15:45:22.887  INFO 12680 --- [restartedMain] o.s.s.c.ThreadPoolTaskScheduler          : Initializing ExecutorService
2019-12-30 15:45:22.985  INFO 12680 --- [restartedMain] o.s.b.a.e.web.EndpointLinksResolver      : Exposing 15 endpoint(s) beneath base path '/actuator'
2019-12-30 15:45:23.079  INFO 12680 --- [restartedMain] o.s.b.w.embedded.tomcat.TomcatWebServer  : Tomcat started on port(s): 8082 (http) with context path '/insure'
2019-12-30 15:45:23.084  INFO 12680 --- [restartedMain] com.health.HealthApplication             : Started HealthApplication in 5.964 seconds (JVM running for 6.657)
2019-12-30 15:45:29.797  WARN 12680 --- [registrationTask1] d.c.b.a.c.r.ApplicationRegistrator       : Failed to register application as Application(name=spring-boot-application, managementUrl=http://DESKTOP-GG6D9HR:8082/insure/actuator, healthUrl=http://DESKTOP-GG6D9HR:8082/insure/actuator/health, serviceUrl=http://DESKTOP-GG6D9HR:8082/insure) at spring-boot-admin ([http://localhost:9082/instances]): I/O error on POST request for "http://localhost:9082/instances": Connection refused: connect; nested exception is java.net.ConnectException: Connection refused: connect. Further attempts are logged on DEBUG level
2019-12-30 15:46:21.108  INFO 1632 --- [restartedMain] com.health.HealthApplication             : Starting HealthApplication on DESKTOP-GG6D9HR with PID 1632 (C:\Users\domde\OneDrive\Documents\eclipseWorkspaces\DGP_MicroServices_2020\Lab04.1_Actuators\target\classes started by domde in C:\Users\domde\OneDrive\Documents\eclipseWorkspaces\DGP_MicroServices_2020\Lab04.1_Actuators)
2019-12-30 15:46:21.112  INFO 1632 --- [restartedMain] com.health.HealthApplication             : The following profiles are active: prod
2019-12-30 15:46:21.197  INFO 1632 --- [restartedMain] .e.DevToolsPropertyDefaultsPostProcessor : Devtools property defaults active! Set 'spring.devtools.add-properties' to 'false' to disable
2019-12-30 15:46:21.197  INFO 1632 --- [restartedMain] .e.DevToolsPropertyDefaultsPostProcessor : For additional web related logging consider setting the 'logging.level.web' property to 'DEBUG'
2019-12-30 15:46:23.416  INFO 1632 --- [restartedMain] trationDelegate$BeanPostProcessorChecker : Bean 'org.springframework.transaction.annotation.ProxyTransactionManagementConfiguration' of type [org.springframework.transaction.annotation.ProxyTransactionManagementConfiguration] is not eligible for getting processed by all BeanPostProcessors (for example: not eligible for auto-proxying)
2019-12-30 15:46:23.985  INFO 1632 --- [restartedMain] o.s.b.w.embedded.tomcat.TomcatWebServer  : Tomcat initialized with port(s): 8082 (http)
2019-12-30 15:46:24.005  INFO 1632 --- [restartedMain] o.apache.catalina.core.StandardService   : Starting service [Tomcat]
2019-12-30 15:46:24.006  INFO 1632 --- [restartedMain] org.apache.catalina.core.StandardEngine  : Starting Servlet engine: [Apache Tomcat/9.0.29]
2019-12-30 15:46:24.166  INFO 1632 --- [restartedMain] o.a.c.c.C.[.[localhost].[/insure]        : Initializing Spring embedded WebApplicationContext
2019-12-30 15:46:24.171  INFO 1632 --- [restartedMain] o.s.web.context.ContextLoader            : Root WebApplicationContext: initialization completed in 2973 ms
2019-12-30 15:46:24.372  INFO 1632 --- [restartedMain] com.zaxxer.hikari.HikariDataSource       : HikariPool-1 - Starting...
2019-12-30 15:46:24.612  INFO 1632 --- [restartedMain] com.zaxxer.hikari.HikariDataSource       : HikariPool-1 - Start completed.
2019-12-30 15:46:24.671  INFO 1632 --- [restartedMain] o.s.b.a.h2.H2ConsoleAutoConfiguration    : H2 console available at '/h2-console'. Database available at 'jdbc:h2:mem:testdb'
2019-12-30 15:46:24.953  INFO 1632 --- [restartedMain] o.s.b.a.e.web.ServletEndpointRegistrar   : Registered '/actuator/jolokia' to jolokia-actuator-endpoint
2019-12-30 15:46:25.011  INFO 1632 --- [restartedMain] o.s.b.d.a.OptionalLiveReloadServer       : LiveReload server is running on port 35729
2019-12-30 15:46:25.547  INFO 1632 --- [restartedMain] o.s.s.concurrent.ThreadPoolTaskExecutor  : Initializing ExecutorService 'applicationTaskExecutor'
2019-12-30 15:46:26.001  INFO 1632 --- [restartedMain] o.s.s.c.ThreadPoolTaskScheduler          : Initializing ExecutorService
2019-12-30 15:46:26.101  INFO 1632 --- [restartedMain] o.s.b.a.e.web.EndpointLinksResolver      : Exposing 15 endpoint(s) beneath base path '/actuator'
2019-12-30 15:46:26.199  INFO 1632 --- [restartedMain] o.s.b.w.embedded.tomcat.TomcatWebServer  : Tomcat started on port(s): 8082 (http) with context path '/insure'
2019-12-30 15:46:26.204  INFO 1632 --- [restartedMain] com.health.HealthApplication             : Started HealthApplication in 6.628 seconds (JVM running for 7.322)
2019-12-30 15:46:32.903  WARN 1632 --- [registrationTask1] d.c.b.a.c.r.ApplicationRegistrator       : Failed to register application as Application(name=spring-boot-application, managementUrl=http://DESKTOP-GG6D9HR:8082/insure/actuator, healthUrl=http://DESKTOP-GG6D9HR:8082/insure/actuator/health, serviceUrl=http://DESKTOP-GG6D9HR:8082/insure) at spring-boot-admin ([http://localhost:9082/instances]): I/O error on POST request for "http://localhost:9082/instances": Connection refused: connect; nested exception is java.net.ConnectException: Connection refused: connect. Further attempts are logged on DEBUG level
2019-12-30 15:46:54.208  INFO 1632 --- [http-nio-8082-exec-1] o.a.c.c.C.[.[localhost].[/insure]        : Initializing Spring DispatcherServlet 'dispatcherServlet'
2019-12-30 15:46:54.209  INFO 1632 --- [http-nio-8082-exec-1] o.s.web.servlet.DispatcherServlet        : Initializing Servlet 'dispatcherServlet'
2019-12-30 15:46:54.222  INFO 1632 --- [http-nio-8082-exec-1] o.s.web.servlet.DispatcherServlet        : Completed initialization in 12 ms
2019-12-30 15:47:17.521  INFO 1632 --- [http-nio-8082-exec-5] o.a.c.c.C.[.[localhost].[/insure]        : jolokia-actuator-endpoint: No access restrictor found, access to any MBean is allowed
2019-12-30 15:47:50.549  WARN 1632 --- [Thread-7] o.s.b.f.support.DisposableBeanAdapter    : Invocation of destroy method failed on bean with name 'inMemoryDatabaseShutdownExecutor': org.h2.jdbc.JdbcSQLNonTransientConnectionException: Database is already closed (to disable automatic closing at VM shutdown, add ";DB_CLOSE_ON_EXIT=FALSE" to the db URL) [90121-200]
2019-12-30 15:47:50.550  INFO 1632 --- [Thread-7] o.s.s.c.ThreadPoolTaskScheduler          : Shutting down ExecutorService
2019-12-30 15:47:50.550  INFO 1632 --- [Thread-7] o.s.s.concurrent.ThreadPoolTaskExecutor  : Shutting down ExecutorService 'applicationTaskExecutor'
2019-12-30 15:47:50.552  INFO 1632 --- [Thread-7] com.zaxxer.hikari.HikariDataSource       : HikariPool-1 - Shutdown initiated...
2019-12-30 15:47:50.558  INFO 1632 --- [Thread-7] com.zaxxer.hikari.HikariDataSource       : HikariPool-1 - Shutdown completed.
2019-12-30 15:47:51.179  INFO 1632 --- [restartedMain] com.health.HealthApplication             : Starting HealthApplication on DESKTOP-GG6D9HR with PID 1632 (C:\Users\domde\OneDrive\Documents\eclipseWorkspaces\DGP_MicroServices_2020\Lab04.1_Actuators\target\classes started by domde in C:\Users\domde\OneDrive\Documents\eclipseWorkspaces\DGP_MicroServices_2020\Lab04.1_Actuators)
2019-12-30 15:47:51.179  INFO 1632 --- [restartedMain] com.health.HealthApplication             : The following profiles are active: prod
2019-12-30 15:48:18.586  INFO 2868 --- [restartedMain] com.health.HealthApplication             : Starting HealthApplication on DESKTOP-GG6D9HR with PID 2868 (C:\Users\domde\OneDrive\Documents\eclipseWorkspaces\DGP_MicroServices_2020\Lab04.1_Actuators\target\classes started by domde in C:\Users\domde\OneDrive\Documents\eclipseWorkspaces\DGP_MicroServices_2020\Lab04.1_Actuators)
2019-12-30 15:48:18.591  INFO 2868 --- [restartedMain] com.health.HealthApplication             : The following profiles are active: prod
2019-12-30 15:48:18.685  INFO 2868 --- [restartedMain] .e.DevToolsPropertyDefaultsPostProcessor : Devtools property defaults active! Set 'spring.devtools.add-properties' to 'false' to disable
2019-12-30 15:48:18.685  INFO 2868 --- [restartedMain] .e.DevToolsPropertyDefaultsPostProcessor : For additional web related logging consider setting the 'logging.level.web' property to 'DEBUG'
2019-12-30 15:48:20.641  INFO 2868 --- [restartedMain] trationDelegate$BeanPostProcessorChecker : Bean 'org.springframework.transaction.annotation.ProxyTransactionManagementConfiguration' of type [org.springframework.transaction.annotation.ProxyTransactionManagementConfiguration] is not eligible for getting processed by all BeanPostProcessors (for example: not eligible for auto-proxying)
2019-12-30 15:48:21.220  INFO 2868 --- [restartedMain] o.s.b.w.embedded.tomcat.TomcatWebServer  : Tomcat initialized with port(s): 8082 (http)
2019-12-30 15:48:21.241  INFO 2868 --- [restartedMain] o.apache.catalina.core.StandardService   : Starting service [Tomcat]
2019-12-30 15:48:21.242  INFO 2868 --- [restartedMain] org.apache.catalina.core.StandardEngine  : Starting Servlet engine: [Apache Tomcat/9.0.29]
2019-12-30 15:48:21.396  INFO 2868 --- [restartedMain] o.a.c.c.C.[.[localhost].[/insure]        : Initializing Spring embedded WebApplicationContext
2019-12-30 15:48:21.397  INFO 2868 --- [restartedMain] o.s.web.context.ContextLoader            : Root WebApplicationContext: initialization completed in 2712 ms
2019-12-30 15:48:21.596  INFO 2868 --- [restartedMain] com.zaxxer.hikari.HikariDataSource       : HikariPool-1 - Starting...
2019-12-30 15:48:21.896  INFO 2868 --- [restartedMain] com.zaxxer.hikari.HikariDataSource       : HikariPool-1 - Start completed.
2019-12-30 15:48:21.953  INFO 2868 --- [restartedMain] o.s.b.a.h2.H2ConsoleAutoConfiguration    : H2 console available at '/h2-console'. Database available at 'jdbc:h2:mem:testdb'
2019-12-30 15:48:22.245  INFO 2868 --- [restartedMain] o.s.b.a.e.web.ServletEndpointRegistrar   : Registered '/actuator/jolokia' to jolokia-actuator-endpoint
2019-12-30 15:48:22.310  INFO 2868 --- [restartedMain] o.s.b.d.a.OptionalLiveReloadServer       : LiveReload server is running on port 35729
2019-12-30 15:48:22.835  INFO 2868 --- [restartedMain] o.s.s.concurrent.ThreadPoolTaskExecutor  : Initializing ExecutorService 'applicationTaskExecutor'
2019-12-30 15:48:23.221  INFO 2868 --- [restartedMain] o.s.s.c.ThreadPoolTaskScheduler          : Initializing ExecutorService
2019-12-30 15:48:23.332  INFO 2868 --- [restartedMain] o.s.b.a.e.web.EndpointLinksResolver      : Exposing 15 endpoint(s) beneath base path '/actuator'
2019-12-30 15:48:23.435  INFO 2868 --- [restartedMain] o.s.b.w.embedded.tomcat.TomcatWebServer  : Tomcat started on port(s): 8082 (http) with context path '/insure'
2019-12-30 15:48:23.440  INFO 2868 --- [restartedMain] com.health.HealthApplication             : Started HealthApplication in 6.314 seconds (JVM running for 7.034)
2019-12-30 15:48:30.151  WARN 2868 --- [registrationTask1] d.c.b.a.c.r.ApplicationRegistrator       : Failed to register application as Application(name=spring-boot-application, managementUrl=http://DESKTOP-GG6D9HR:8082/insure/actuator, healthUrl=http://DESKTOP-GG6D9HR:8082/insure/actuator/health, serviceUrl=http://DESKTOP-GG6D9HR:8082/insure) at spring-boot-admin ([http://localhost:9082/instances]): I/O error on POST request for "http://localhost:9082/instances": Connection refused: connect; nested exception is java.net.ConnectException: Connection refused: connect. Further attempts are logged on DEBUG level
2019-12-30 15:56:58.592  INFO 2868 --- [registrationTask1] d.c.b.a.c.r.ApplicationRegistrator       : Application registered itself as 6423ef98c304
2019-12-30 15:56:58.619  INFO 2868 --- [http-nio-8082-exec-1] o.a.c.c.C.[.[localhost].[/insure]        : Initializing Spring DispatcherServlet 'dispatcherServlet'
2019-12-30 15:56:58.620  INFO 2868 --- [http-nio-8082-exec-1] o.s.web.servlet.DispatcherServlet        : Initializing Servlet 'dispatcherServlet'
2019-12-30 15:56:58.641  INFO 2868 --- [http-nio-8082-exec-1] o.s.web.servlet.DispatcherServlet        : Completed initialization in 20 ms
2019-12-30 16:24:48.594  WARN 2868 --- [Thread-7] o.s.b.f.support.DisposableBeanAdapter    : Invocation of destroy method failed on bean with name 'inMemoryDatabaseShutdownExecutor': org.h2.jdbc.JdbcSQLNonTransientConnectionException: Database is already closed (to disable automatic closing at VM shutdown, add ";DB_CLOSE_ON_EXIT=FALSE" to the db URL) [90121-200]
2019-12-30 16:24:48.595  INFO 2868 --- [Thread-7] o.s.s.c.ThreadPoolTaskScheduler          : Shutting down ExecutorService
2019-12-30 16:24:48.597  INFO 2868 --- [Thread-7] o.s.s.concurrent.ThreadPoolTaskExecutor  : Shutting down ExecutorService 'applicationTaskExecutor'
2019-12-30 16:24:48.599  INFO 2868 --- [Thread-7] com.zaxxer.hikari.HikariDataSource       : HikariPool-1 - Shutdown initiated...
2019-12-30 16:24:48.620  INFO 2868 --- [Thread-7] com.zaxxer.hikari.HikariDataSource       : HikariPool-1 - Shutdown completed.
2019-12-30 16:24:49.331  INFO 2868 --- [restartedMain] com.health.HealthApplication             : Starting HealthApplication on DESKTOP-GG6D9HR with PID 2868 (C:\Users\domde\OneDrive\Documents\eclipseWorkspaces\DGP_MicroServices_2020\Lab04.1_Actuators\target\classes started by domde in C:\Users\domde\OneDrive\Documents\eclipseWorkspaces\DGP_MicroServices_2020\Lab04.1_Actuators)
2019-12-30 16:24:49.331  INFO 2868 --- [restartedMain] com.health.HealthApplication             : The following profiles are active: prod
2019-12-30 16:24:50.148  INFO 2868 --- [restartedMain] trationDelegate$BeanPostProcessorChecker : Bean 'org.springframework.transaction.annotation.ProxyTransactionManagementConfiguration' of type [org.springframework.transaction.annotation.ProxyTransactionManagementConfiguration] is not eligible for getting processed by all BeanPostProcessors (for example: not eligible for auto-proxying)
2019-12-30 16:24:50.221  WARN 2868 --- [restartedMain] org.apache.tomcat.util.modeler.Registry  : The MBean registry cannot be disabled because it has already been initialised
2019-12-30 16:24:50.326  INFO 2868 --- [restartedMain] o.s.b.w.embedded.tomcat.TomcatWebServer  : Tomcat initialized with port(s): 8082 (http)
2019-12-30 16:24:50.327  INFO 2868 --- [restartedMain] o.apache.catalina.core.StandardService   : Starting service [Tomcat]
2019-12-30 16:24:50.328  INFO 2868 --- [restartedMain] org.apache.catalina.core.StandardEngine  : Starting Servlet engine: [Apache Tomcat/9.0.29]
2019-12-30 16:24:50.380  INFO 2868 --- [restartedMain] o.a.c.c.C.[.[localhost].[/insure]        : Initializing Spring embedded WebApplicationContext
2019-12-30 16:24:50.381  INFO 2868 --- [restartedMain] o.s.web.context.ContextLoader            : Root WebApplicationContext: initialization completed in 1043 ms
2019-12-30 16:24:50.441  INFO 2868 --- [restartedMain] com.zaxxer.hikari.HikariDataSource       : HikariPool-2 - Starting...
2019-12-30 16:24:50.445  INFO 2868 --- [restartedMain] com.zaxxer.hikari.HikariDataSource       : HikariPool-2 - Start completed.
2019-12-30 16:24:50.459  INFO 2868 --- [restartedMain] o.s.b.a.h2.H2ConsoleAutoConfiguration    : H2 console available at '/h2-console'. Database available at 'jdbc:h2:mem:testdb'
2019-12-30 16:24:50.569  INFO 2868 --- [restartedMain] o.s.b.a.e.web.ServletEndpointRegistrar   : Registered '/actuator/jolokia' to jolokia-actuator-endpoint
2019-12-30 16:24:50.574  INFO 2868 --- [restartedMain] o.s.b.d.a.OptionalLiveReloadServer       : LiveReload server is running on port 35729
2019-12-30 16:24:50.790  INFO 2868 --- [restartedMain] o.s.s.concurrent.ThreadPoolTaskExecutor  : Initializing ExecutorService 'applicationTaskExecutor'
2019-12-30 16:24:50.938  INFO 2868 --- [restartedMain] o.s.s.c.ThreadPoolTaskScheduler          : Initializing ExecutorService
2019-12-30 16:24:50.989  INFO 2868 --- [restartedMain] o.s.b.a.e.web.EndpointLinksResolver      : Exposing 15 endpoint(s) beneath base path '/actuator'
2019-12-30 16:24:51.025  INFO 2868 --- [restartedMain] o.s.b.w.embedded.tomcat.TomcatWebServer  : Tomcat started on port(s): 8082 (http) with context path '/insure'
2019-12-30 16:24:51.026  INFO 2868 --- [restartedMain] com.health.HealthApplication             : Started HealthApplication in 1.793 seconds (JVM running for 2194.62)
2019-12-30 16:24:51.030  INFO 2868 --- [restartedMain] .ConditionEvaluationDeltaLoggingListener : Condition evaluation unchanged
2019-12-30 16:24:51.368  INFO 2868 --- [http-nio-8082-exec-1] o.a.c.c.C.[.[localhost].[/insure]        : Initializing Spring DispatcherServlet 'dispatcherServlet'
2019-12-30 16:24:51.369  INFO 2868 --- [http-nio-8082-exec-1] o.s.web.servlet.DispatcherServlet        : Initializing Servlet 'dispatcherServlet'
2019-12-30 16:24:51.375  INFO 2868 --- [http-nio-8082-exec-1] o.s.web.servlet.DispatcherServlet        : Completed initialization in 6 ms
